<?xml version="1.0" encoding="utf-8"?>
<test-run id="2" testcasecount="144" result="Passed" total="144" passed="144" failed="0" inconclusive="0" skipped="0" asserts="0" engine-version="3.5.0.0" clr-version="4.0.30319.42000" start-time="2026-07-29 01:01:43Z" end-time="2026-07-29 01:01:44Z" duration="0.4601941">
  <test-suite type="TestSuite" id="1000" name="Acuaria" fullname="Acuaria" runstate="Runnable" testcasecount="144" result="Passed" start-time="2026-07-29 01:01:43Z" end-time="2026-07-29 01:01:44Z" duration="0.460194" total="144" passed="144" failed="0" inconclusive="0" skipped="0" asserts="0">
    <properties>
      <property name="platform" value="EditMode" />
    </properties>
    <test-suite type="Assembly" id="1072" name="Acuaria.Aquarium.EditModeTests.dll" fullname="C:/Users/ricar/Documents/github/acuaria/Acuaria/Library/ScriptAssemblies/Acuaria.Aquarium.EditModeTests.dll" runstate="Runnable" testcasecount="62" result="Passed" start-time="2026-07-29 01:01:44Z" end-time="2026-07-29 01:01:44Z" duration="0.346261" total="62" passed="62" failed="0" inconclusive="0" skipped="0" asserts="0">
      <properties>
        <property name="_PID" value="8392" />
        <property name="_APPDOMAIN" value="Unity Child Domain" />
        <property name="platform" value="EditMode" />
        <property name="EditorOnly" value="True" />
      </properties>
      <test-suite type="TestSuite" id="1073" name="Acuaria" fullname="Acuaria" runstate="Runnable" testcasecount="62" result="Passed" start-time="2026-07-29 01:01:44Z" end-time="2026-07-29 01:01:44Z" duration="0.344796" total="62" passed="62" failed="0" inconclusive="0" skipped="0" asserts="0">
        <properties />
        <test-suite type="TestSuite" id="1078" name="Aquarium" fullname="Acuaria.Aquarium" runstate="Runnable" testcasecount="39" result="Passed" start-time="2026-07-29 01:01:44Z" end-time="2026-07-29 01:01:44Z" duration="0.285897" total="39" passed="39" failed="0" inconclusive="0" skipped="0" asserts="0">
          <properties />
          <test-suite type="TestSuite" id="1079" name="Tests" fullname="Acuaria.Aquarium.Tests" runstate="Runnable" testcasecount="39" result="Passed" start-time="2026-07-29 01:01:44Z" end-time="2026-07-29 01:01:44Z" duration="0.285291" total="39" passed="39" failed="0" inconclusive="0" skipped="0" asserts="0">
            <properties />
            <test-suite type="TestFixture" id="1027" name="AquariumSystemTests" fullname="Acuaria.Aquarium.Tests.AquariumSystemTests" classname="Acuaria.Aquarium.Tests.AquariumSystemTests" runstate="Runnable" testcasecount="9" result="Passed" start-time="2026-07-29 01:01:44Z" end-time="2026-07-29 01:01:44Z" duration="0.208126" total="9" passed="9" failed="0" inconclusive="0" skipped="0" asserts="0">
              <properties />
              <test-case id="1028" name="Definition_ValidatesRequiredFieldsAndNormalizesRanges" fullname="Acuaria.Aquarium.Tests.AquariumSystemTests.Definition_ValidatesRequiredFieldsAndNormalizesRanges" methodname="Definition_ValidatesRequiredFieldsAndNormalizesRanges" classname="Acuaria.Aquarium.Tests.AquariumSystemTests" runstate="Runnable" seed="753443171" result="Passed" start-time="2026-07-29 01:01:44Z" end-time="2026-07-29 01:01:44Z" duration="0.024329" asserts="0">
                <properties>
                  <property name="retryIteration" value="0" />
                  <property name="repeatIteration" value="0" />
                </properties>
              </test-case>
              <test-case id="1034" name="HudController_DetectsMissingAndDuplicateTextReferences" fullname="Acuaria.Aquarium.Tests.AquariumSystemTests.HudController_DetectsMissingAndDuplicateTextReferences" methodname="HudController_DetectsMissingAndDuplicateTextReferences" classname="Acuaria.Aquarium.Tests.AquariumSystemTests" runstate="Runnable" seed="528853259" result="Passed" start-time="2026-07-29 01:01:44Z" end-time="2026-07-29 01:01:44Z" duration="0.132513" asserts="0">
                <properties>
                  <property name="retryIteration" value="0" />
                  <property name="repeatIteration" value="0" />
                </properties>
              </test-case>
              <test-case id="1033" name="HudController_VisibilityFollowsFocusedState" fullname="Acuaria.Aquarium.Tests.AquariumSystemTests.HudController_VisibilityFollowsFocusedState" methodname="HudController_VisibilityFollowsFocusedState" classname="Acuaria.Aquarium.Tests.AquariumSystemTests" runstate="Runnable" seed="1249789578" result="Passed" start-time="2026-07-29 01:01:44Z" end-time="2026-07-29 01:01:44Z" duration="0.002006" asserts="0">
                <properties>
                  <property name="retryIteration" value="0" />
                  <property name="repeatIteration" value="0" />
                </properties>
              </test-case>
              <test-case id="1035" name="HudStatus_CompositionKeepsWaterAndWelfareTogether" fullname="Acuaria.Aquarium.Tests.AquariumSystemTests.HudStatus_CompositionKeepsWaterAndWelfareTogether" methodname="HudStatus_CompositionKeepsWaterAndWelfareTogether" classname="Acuaria.Aquarium.Tests.AquariumSystemTests" runstate="Runnable" seed="2015622385" result="Passed" start-time="2026-07-29 01:01:44Z" end-time="2026-07-29 01:01:44Z" duration="0.005257" asserts="0">
                <properties>
                  <property name="retryIteration" value="0" />
                  <property name="repeatIteration" value="0" />
                </properties>
              </test-case>
              <test-case id="1032" name="InhabitantProvider_GroupsValidSpeciesAndEmitsUpdates" fullname="Acuaria.Aquarium.Tests.AquariumSystemTests.InhabitantProvider_GroupsValidSpeciesAndEmitsUpdates" methodname="InhabitantProvider_GroupsValidSpeciesAndEmitsUpdates" classname="Acuaria.Aquarium.Tests.AquariumSystemTests" runstate="Runnable" seed="650481788" result="Passed" start-time="2026-07-29 01:01:44Z" end-time="2026-07-29 01:01:44Z" duration="0.007269" asserts="0">
                <properties>
                  <property name="retryIteration" value="0" />
                  <property name="repeatIteration" value="0" />
                </properties>
              </test-case>
              <test-case id="1036" name="ResponsiveLayout_ChoosesModeSafelyWithoutRedundantChanges" fullname="Acuaria.Aquarium.Tests.AquariumSystemTests.ResponsiveLayout_ChoosesModeSafelyWithoutRedundantChanges" methodname="ResponsiveLayout_ChoosesModeSafelyWithoutRedundantChanges" classname="Acuaria.Aquarium.Tests.AquariumSystemTests" runstate="Runnable" seed="1692198332" result="Passed" start-time="2026-07-29 01:01:44Z" end-time="2026-07-29 01:01:44Z" duration="0.003744" asserts="0">
                <properties>
                  <property name="retryIteration" value="0" />
                  <property name="repeatIteration" value="0" />
                </properties>
              </test-case>
              <test-case id="1029" name="RuntimeState_InitializesAndClampsMutableValues" fullname="Acuaria.Aquarium.Tests.AquariumSystemTests.RuntimeState_InitializesAndClampsMutableValues" methodname="RuntimeState_InitializesAndClampsMutableValues" classname="Acuaria.Aquarium.Tests.AquariumSystemTests" runstate="Runnable" seed="144232777" result="Passed" start-time="2026-07-29 01:01:44Z" end-time="2026-07-29 01:01:44Z" duration="0.001629" asserts="0">
                <properties>
                  <property name="retryIteration" value="0" />
                  <property name="repeatIteration" value="0" />
                </properties>
              </test-case>
              <test-case id="1030" name="StatusEvaluator_CoversTemperatureAndCapacitySeverities" fullname="Acuaria.Aquarium.Tests.AquariumSystemTests.StatusEvaluator_CoversTemperatureAndCapacitySeverities" methodname="StatusEvaluator_CoversTemperatureAndCapacitySeverities" classname="Acuaria.Aquarium.Tests.AquariumSystemTests" runstate="Runnable" seed="1603595915" result="Passed" start-time="2026-07-29 01:01:44Z" end-time="2026-07-29 01:01:44Z" duration="0.001693" asserts="0">
                <properties>
                  <property name="retryIteration" value="0" />
                  <property name="repeatIteration" value="0" />
                </properties>
              </test-case>
              <test-case id="1031" name="ViewModel_FormatsAquariumAndInhabitants" fullname="Acuaria.Aquarium.Tests.AquariumSystemTests.ViewModel_FormatsAquariumAndInhabitants" methodname="ViewModel_FormatsAquariumAndInhabitants" classname="Acuaria.Aquarium.Tests.AquariumSystemTests" runstate="Runnable" seed="959895399" result="Passed" start-time="2026-07-29 01:01:44Z" end-time="2026-07-29 01:01:44Z" duration="0.003146" asserts="0">
                <properties>
                  <property name="retryIteration" value="0" />
                  <property name="repeatIteration" value="0" />
                </properties>
              </test-case>
            </test-suite>
            <test-suite type="TestFixture" id="1037" name="MaintenanceSystemTests" fullname="Acuaria.Aquarium.Tests.MaintenanceSystemTests" classname="Acuaria.Aquarium.Tests.MaintenanceSystemTests" runstate="Runnable" testcasecount="14" result="Passed" start-time="2026-07-29 01:01:44Z" end-time="2026-07-29 01:01:44Z" duration="0.035790" total="14" passed="14" failed="0" inconclusive="0" skipped="0" asserts="0">
              <properties />
              <test-case id="1052" name="DeepClean_NeverCreatesNegativeValues" fullname="Acuaria.Aquarium.Tests.MaintenanceSystemTests.DeepClean_NeverCreatesNegativeValues" methodname="DeepClean_NeverCreatesNegativeValues" classname="Acuaria.Aquarium.Tests.MaintenanceSystemTests" runstate="Runnable" seed="129124791" result="Passed" start-time="2026-07-29 01:01:44Z" end-time="2026-07-29 01:01:44Z" duration="0.008939" asserts="0">
                <properties>
                  <property name="retryIteration" value="0" />
                  <property name="repeatIteration" value="0" />
                </properties>
              </test-case>
              <test-case id="1038" name="Definition_HasRequiredOptionsAndRecommendation" fullname="Acuaria.Aquarium.Tests.MaintenanceSystemTests.Definition_HasRequiredOptionsAndRecommendation" methodname="Definition_HasRequiredOptionsAndRecommendation" classname="Acuaria.Aquarium.Tests.MaintenanceSystemTests" runstate="Runnable" seed="1842902945" result="Passed" start-time="2026-07-29 01:01:44Z" end-time="2026-07-29 01:01:44Z" duration="0.002268" asserts="0">
                <properties>
                  <property name="retryIteration" value="0" />
                  <property name="repeatIteration" value="0" />
                </properties>
              </test-case>
              <test-case id="1049" name="Filter_DirtReducesEfficiencyDeterministically" fullname="Acuaria.Aquarium.Tests.MaintenanceSystemTests.Filter_DirtReducesEfficiencyDeterministically" methodname="Filter_DirtReducesEfficiencyDeterministically" classname="Acuaria.Aquarium.Tests.MaintenanceSystemTests" runstate="Runnable" seed="623381200" result="Passed" start-time="2026-07-29 01:01:44Z" end-time="2026-07-29 01:01:44Z" duration="0.001451" asserts="0">
                <properties>
                  <property name="retryIteration" value="0" />
                  <property name="repeatIteration" value="0" />
                </properties>
              </test-case>
              <test-case id="1050" name="Filter_OffAddsNoBiologicalCapacity" fullname="Acuaria.Aquarium.Tests.MaintenanceSystemTests.Filter_OffAddsNoBiologicalCapacity" methodname="Filter_OffAddsNoBiologicalCapacity" classname="Acuaria.Aquarium.Tests.MaintenanceSystemTests" runstate="Runnable" seed="748438375" result="Passed" start-time="2026-07-29 01:01:44Z" end-time="2026-07-29 01:01:44Z" duration="0.000805" asserts="0">
                <properties>
                  <property name="retryIteration" value="0" />
                  <property name="repeatIteration" value="0" />
                </properties>
              </test-case>
              <test-case id="1051" name="GentleRinse_PreservesMoreBacteriaThanDeepClean" fullname="Acuaria.Aquarium.Tests.MaintenanceSystemTests.GentleRinse_PreservesMoreBacteriaThanDeepClean" methodname="GentleRinse_PreservesMoreBacteriaThanDeepClean" classname="Acuaria.Aquarium.Tests.MaintenanceSystemTests" runstate="Runnable" seed="35259191" result="Passed" start-time="2026-07-29 01:01:44Z" end-time="2026-07-29 01:01:44Z" duration="0.000751" asserts="0">
                <properties>
                  <property name="retryIteration" value="0" />
                  <property name="repeatIteration" value="0" />
                </properties>
              </test-case>
              <test-case id="1048" name="MaintenanceState_BlocksDoubleBeginAndTracksCompletion" fullname="Acuaria.Aquarium.Tests.MaintenanceSystemTests.MaintenanceState_BlocksDoubleBeginAndTracksCompletion" methodname="MaintenanceState_BlocksDoubleBeginAndTracksCompletion" classname="Acuaria.Aquarium.Tests.MaintenanceSystemTests" runstate="Runnable" seed="1169143575" result="Passed" start-time="2026-07-29 01:01:44Z" end-time="2026-07-29 01:01:44Z" duration="0.001032" asserts="0">
                <properties>
                  <property name="retryIteration" value="0" />
                  <property name="repeatIteration" value="0" />
                </properties>
              </test-case>
              <test-case id="1053" name="NitrogenCycle_FilterMultiplierChangesConversion" fullname="Acuaria.Aquarium.Tests.MaintenanceSystemTests.NitrogenCycle_FilterMultiplierChangesConversion" methodname="NitrogenCycle_FilterMultiplierChangesConversion" classname="Acuaria.Aquarium.Tests.MaintenanceSystemTests" runstate="Runnable" seed="897260683" result="Passed" start-time="2026-07-29 01:01:44Z" end-time="2026-07-29 01:01:44Z" duration="0.002437" asserts="0">
                <properties>
                  <property name="retryIteration" value="0" />
                  <property name="repeatIteration" value="0" />
                </properties>
              </test-case>
              <test-case id="1047" name="Preview_MatchesFinalModel" fullname="Acuaria.Aquarium.Tests.MaintenanceSystemTests.Preview_MatchesFinalModel" methodname="Preview_MatchesFinalModel" classname="Acuaria.Aquarium.Tests.MaintenanceSystemTests" runstate="Runnable" seed="227141505" result="Passed" start-time="2026-07-29 01:01:44Z" end-time="2026-07-29 01:01:44Z" duration="0.002164" asserts="0">
                <properties>
                  <property name="retryIteration" value="0" />
                  <property name="repeatIteration" value="0" />
                </properties>
              </test-case>
              <test-suite type="ParameterizedMethod" id="1042" name="WaterChange_ReducesConcentrations" fullname="Acuaria.Aquarium.Tests.MaintenanceSystemTests.WaterChange_ReducesConcentrations" classname="Acuaria.Aquarium.Tests.MaintenanceSystemTests" runstate="Runnable" testcasecount="3" result="Passed" start-time="2026-07-29 01:01:44Z" end-time="2026-07-29 01:01:44Z" duration="0.004260" total="3" passed="3" failed="0" inconclusive="0" skipped="0" asserts="0">
                <properties />
                <test-case id="1039" name="WaterChange_ReducesConcentrations(10,0.9f)" fullname="Acuaria.Aquarium.Tests.MaintenanceSystemTests.WaterChange_ReducesConcentrations(10,0.9f)" methodname="WaterChange_ReducesConcentrations" classname="Acuaria.Aquarium.Tests.MaintenanceSystemTests" runstate="Runnable" seed="936225650" result="Passed" start-time="2026-07-29 01:01:44Z" end-time="2026-07-29 01:01:44Z" duration="0.002157" asserts="0">
                  <properties>
                    <property name="retryIteration" value="0" />
                    <property name="repeatIteration" value="0" />
                  </properties>
                </test-case>
                <test-case id="1040" name="WaterChange_ReducesConcentrations(25,0.75f)" fullname="Acuaria.Aquarium.Tests.MaintenanceSystemTests.WaterChange_ReducesConcentrations(25,0.75f)" methodname="WaterChange_ReducesConcentrations" classname="Acuaria.Aquarium.Tests.MaintenanceSystemTests" runstate="Runnable" seed="1558721749" result="Passed" start-time="2026-07-29 01:01:44Z" end-time="2026-07-29 01:01:44Z" duration="0.000544" asserts="0">
                  <properties>
                    <property name="retryIteration" value="0" />
                    <property name="repeatIteration" value="0" />
                  </properties>
                </test-case>
                <test-case id="1041" name="WaterChange_ReducesConcentrations(50,0.5f)" fullname="Acuaria.Aquarium.Tests.MaintenanceSystemTests.WaterChange_ReducesConcentrations(50,0.5f)" methodname="WaterChange_ReducesConcentrations" classname="Acuaria.Aquarium.Tests.MaintenanceSystemTests" runstate="Runnable" seed="814719834" result="Passed" start-time="2026-07-29 01:01:44Z" end-time="2026-07-29 01:01:44Z" duration="0.000282" asserts="0">
                  <properties>
                    <property name="retryIteration" value="0" />
                    <property name="repeatIteration" value="0" />
                  </properties>
                </test-case>
              </test-suite>
              <test-suite type="ParameterizedMethod" id="1046" name="WaterChange_RejectsInvalidPercentages" fullname="Acuaria.Aquarium.Tests.MaintenanceSystemTests.WaterChange_RejectsInvalidPercentages" classname="Acuaria.Aquarium.Tests.MaintenanceSystemTests" runstate="Runnable" testcasecount="3" result="Passed" start-time="2026-07-29 01:01:44Z" end-time="2026-07-29 01:01:44Z" duration="0.002204" total="3" passed="3" failed="0" inconclusive="0" skipped="0" asserts="0">
                <properties />
                <test-case id="1043" name="WaterChange_RejectsInvalidPercentages(0)" fullname="Acuaria.Aquarium.Tests.MaintenanceSystemTests.WaterChange_RejectsInvalidPercentages(0)" methodname="WaterChange_RejectsInvalidPercentages" classname="Acuaria.Aquarium.Tests.MaintenanceSystemTests" runstate="Runnable" seed="683169487" result="Passed" start-time="2026-07-29 01:01:44Z" end-time="2026-07-29 01:01:44Z" duration="0.000748" asserts="0">
                  <properties>
                    <property name="retryIteration" value="0" />
                    <property name="repeatIteration" value="0" />
                  </properties>
                </test-case>
                <test-case id="1044" name="WaterChange_RejectsInvalidPercentages(-10)" fullname="Acuaria.Aquarium.Tests.MaintenanceSystemTests.WaterChange_RejectsInvalidPercentages(-10)" methodname="WaterChange_RejectsInvalidPercentages" classname="Acuaria.Aquarium.Tests.MaintenanceSystemTests" runstate="Runnable" seed="1308167171" result="Passed" start-time="2026-07-29 01:01:44Z" end-time="2026-07-29 01:01:44Z" duration="0.000297" asserts="0">
                  <properties>
                    <property name="retryIteration" value="0" />
                    <property name="repeatIteration" value="0" />
                  </properties>
                </test-case>
                <test-case id="1045" name="WaterChange_RejectsInvalidPercentages(51)" fullname="Acuaria.Aquarium.Tests.MaintenanceSystemTests.WaterChange_RejectsInvalidPercentages(51)" methodname="WaterChange_RejectsInvalidPercentages" classname="Acuaria.Aquarium.Tests.MaintenanceSystemTests" runstate="Runnable" seed="414981489" result="Passed" start-time="2026-07-29 01:01:44Z" end-time="2026-07-29 01:01:44Z" duration="0.000223" asserts="0">
                  <properties>
                    <property name="retryIteration" value="0" />
                    <property name="repeatIteration" value="0" />
                  </properties>
                </test-case>
              </test-suite>
            </test-suite>
            <test-suite type="TestFixture" id="1054" name="ProgressionTests" fullname="Acuaria.Aquarium.Tests.ProgressionTests" classname="Acuaria.Aquarium.Tests.ProgressionTests" runstate="Runnable" testcasecount="9" result="Passed" start-time="2026-07-29 01:01:44Z" end-time="2026-07-29 01:01:44Z" duration="0.027611" total="9" passed="9" failed="0" inconclusive="0" skipped="0" asserts="0">
              <properties />
              <test-case id="1060" name="Achievement_UnlocksAndRewardsOnce" fullname="Acuaria.Aquarium.Tests.ProgressionTests.Achievement_UnlocksAndRewardsOnce" methodname="Achievement_UnlocksAndRewardsOnce" classname="Acuaria.Aquarium.Tests.ProgressionTests" runstate="Runnable" seed="429078137" result="Passed" start-time="2026-07-29 01:01:44Z" end-time="2026-07-29 01:01:44Z" duration="0.006344" asserts="0">
                <properties>
                  <property name="retryIteration" value="0" />
                  <property name="repeatIteration" value="0" />
                </properties>
              </test-case>
              <test-case id="1059" name="Codex_UnlockIsIdempotent" fullname="Acuaria.Aquarium.Tests.ProgressionTests.Codex_UnlockIsIdempotent" methodname="Codex_UnlockIsIdempotent" classname="Acuaria.Aquarium.Tests.ProgressionTests" runstate="Runnable" seed="745027044" result="Passed" start-time="2026-07-29 01:01:44Z" end-time="2026-07-29 01:01:44Z" duration="0.004004" asserts="0">
                <properties>
                  <property name="retryIteration" value="0" />
                  <property name="repeatIteration" value="0" />
                </properties>
              </test-case>
              <test-case id="1056" name="Experience_LevelsWithoutFixedCap" fullname="Acuaria.Aquarium.Tests.ProgressionTests.Experience_LevelsWithoutFixedCap" methodname="Experience_LevelsWithoutFixedCap" classname="Acuaria.Aquarium.Tests.ProgressionTests" runstate="Runnable" seed="2121259723" result="Passed" start-time="2026-07-29 01:01:44Z" end-time="2026-07-29 01:01:44Z" duration="0.001744" asserts="0">
                <properties>
                  <property name="retryIteration" value="0" />
                  <property name="repeatIteration" value="0" />
                </properties>
              </test-case>
              <test-case id="1055" name="Experience_RejectsNegativeAndAddsPositive" fullname="Acuaria.Aquarium.Tests.ProgressionTests.Experience_RejectsNegativeAndAddsPositive" methodname="Experience_RejectsNegativeAndAddsPositive" classname="Acuaria.Aquarium.Tests.ProgressionTests" runstate="Runnable" seed="1642981982" result="Passed" start-time="2026-07-29 01:01:44Z" end-time="2026-07-29 01:01:44Z" duration="0.001490" asserts="0">
                <properties>
                  <property name="retryIteration" value="0" />
                  <property name="repeatIteration" value="0" />
                </properties>
              </test-case>
              <test-case id="1057" name="Mission_CompletesAtTargetOnce" fullname="Acuaria.Aquarium.Tests.ProgressionTests.Mission_CompletesAtTargetOnce" methodname="Mission_CompletesAtTargetOnce" classname="Acuaria.Aquarium.Tests.ProgressionTests" runstate="Runnable" seed="1832027667" result="Passed" start-time="2026-07-29 01:01:44Z" end-time="2026-07-29 01:01:44Z" duration="0.002117" asserts="0">
                <properties>
                  <property name="retryIteration" value="0" />
                  <property name="repeatIteration" value="0" />
                </properties>
              </test-case>
              <test-case id="1058" name="MissionController_GrantsRewardOnce" fullname="Acuaria.Aquarium.Tests.ProgressionTests.MissionController_GrantsRewardOnce" methodname="MissionController_GrantsRewardOnce" classname="Acuaria.Aquarium.Tests.ProgressionTests" runstate="Runnable" seed="1287478681" result="Passed" start-time="2026-07-29 01:01:44Z" end-time="2026-07-29 01:01:44Z" duration="0.003178" asserts="0">
                <properties>
                  <property name="retryIteration" value="0" />
                  <property name="repeatIteration" value="0" />
                </properties>
              </test-case>
              <test-case id="1063" name="PlayerProgression_TracksGrantedXp" fullname="Acuaria.Aquarium.Tests.ProgressionTests.PlayerProgression_TracksGrantedXp" methodname="PlayerProgression_TracksGrantedXp" classname="Acuaria.Aquarium.Tests.ProgressionTests" runstate="Runnable" seed="2134429434" result="Passed" start-time="2026-07-29 01:01:44Z" end-time="2026-07-29 01:01:44Z" duration="0.002313" asserts="0">
                <properties>
                  <property name="retryIteration" value="0" />
                  <property name="repeatIteration" value="0" />
                </properties>
              </test-case>
              <test-case id="1061" name="Statistics_RecordAllSupportedEvents" fullname="Acuaria.Aquarium.Tests.ProgressionTests.Statistics_RecordAllSupportedEvents" methodname="Statistics_RecordAllSupportedEvents" classname="Acuaria.Aquarium.Tests.ProgressionTests" runstate="Runnable" seed="930308820" result="Passed" start-time="2026-07-29 01:01:44Z" end-time="2026-07-29 01:01:44Z" duration="0.001798" asserts="0">
                <properties>
                  <property name="retryIteration" value="0" />
                  <property name="repeatIteration" value="0" />
                </properties>
              </test-case>
              <test-case id="1062" name="Statistics_TrackSimulatedExcellentTime" fullname="Acuaria.Aquarium.Tests.ProgressionTests.Statistics_TrackSimulatedExcellentTime" methodname="Statistics_TrackSimulatedExcellentTime" classname="Acuaria.Aquarium.Tests.ProgressionTests" runstate="Runnable" seed="2135960024" result="Passed" start-time="2026-07-29 01:01:44Z" end-time="2026-07-29 01:01:44Z" duration="0.001602" asserts="0">
                <properties>
                  <property name="retryIteration" value="0" />
                  <property name="repeatIteration" value="0" />
                </properties>
              </test-case>
            </test-suite>
            <test-suite type="TestFixture" id="1064" name="WaterChemistryTests" fullname="Acuaria.Aquarium.Tests.WaterChemistryTests" classname="Acuaria.Aquarium.Tests.WaterChemistryTests" runstate="Runnable" testcasecount="7" result="Passed" start-time="2026-07-29 01:01:44Z" end-time="2026-07-29 01:01:44Z" duration="0.010728" total="7" passed="7" failed="0" inconclusive="0" skipped="0" asserts="0">
              <properties />
              <test-case id="1070" name="Clock_TicksCapsPausesAndResumes" fullname="Acuaria.Aquarium.Tests.WaterChemistryTests.Clock_TicksCapsPausesAndResumes" methodname="Clock_TicksCapsPausesAndResumes" classname="Acuaria.Aquarium.Tests.WaterChemistryTests" runstate="Runnable" seed="933358039" result="Passed" start-time="2026-07-29 01:01:44Z" end-time="2026-07-29 01:01:44Z" duration="0.001638" asserts="0">
                <properties>
                  <property name="retryIteration" value="0" />
                  <property name="repeatIteration" value="0" />
                </properties>
              </test-case>
              <test-case id="1065" name="Definition_ValidatesRequiredAndOrderedConfiguration" fullname="Acuaria.Aquarium.Tests.WaterChemistryTests.Definition_ValidatesRequiredAndOrderedConfiguration" methodname="Definition_ValidatesRequiredAndOrderedConfiguration" classname="Acuaria.Aquarium.Tests.WaterChemistryTests" runstate="Runnable" seed="1577755156" result="Passed" start-time="2026-07-29 01:01:44Z" end-time="2026-07-29 01:01:44Z" duration="0.001115" asserts="0">
                <properties>
                  <property name="retryIteration" value="0" />
                  <property name="repeatIteration" value="0" />
                </properties>
              </test-case>
              <test-case id="1071" name="Evaluators_WorstParameterDominatesAndViewModelFormatsUnits" fullname="Acuaria.Aquarium.Tests.WaterChemistryTests.Evaluators_WorstParameterDominatesAndViewModelFormatsUnits" methodname="Evaluators_WorstParameterDominatesAndViewModelFormatsUnits" classname="Acuaria.Aquarium.Tests.WaterChemistryTests" runstate="Runnable" seed="1951550722" result="Passed" start-time="2026-07-29 01:01:44Z" end-time="2026-07-29 01:01:44Z" duration="0.002376" asserts="0">
                <properties>
                  <property name="retryIteration" value="0" />
                  <property name="repeatIteration" value="0" />
                </properties>
              </test-case>
              <test-case id="1068" name="NitrogenCycle_IsDeterministicConservativeAndNonNegative" fullname="Acuaria.Aquarium.Tests.WaterChemistryTests.NitrogenCycle_IsDeterministicConservativeAndNonNegative" methodname="NitrogenCycle_IsDeterministicConservativeAndNonNegative" classname="Acuaria.Aquarium.Tests.WaterChemistryTests" runstate="Runnable" seed="1695428885" result="Passed" start-time="2026-07-29 01:01:44Z" end-time="2026-07-29 01:01:44Z" duration="0.000657" asserts="0">
                <properties>
                  <property name="retryIteration" value="0" />
                  <property name="repeatIteration" value="0" />
                </properties>
              </test-case>
              <test-case id="1069" name="NitrogenCycle_ZeroDeltaDoesNotChangeValues" fullname="Acuaria.Aquarium.Tests.WaterChemistryTests.NitrogenCycle_ZeroDeltaDoesNotChangeValues" methodname="NitrogenCycle_ZeroDeltaDoesNotChangeValues" classname="Acuaria.Aquarium.Tests.WaterChemistryTests" runstate="Runnable" seed="1537826327" result="Passed" start-time="2026-07-29 01:01:44Z" end-time="2026-07-29 01:01:44Z" duration="0.000650" asserts="0">
                <properties>
                  <property name="retryIteration" value="0" />
                  <property name="repeatIteration" value="0" />
                </properties>
              </test-case>
              <test-case id="1066" name="State_ClampsInvalidValuesAndSnapshotIsIndependent" fullname="Acuaria.Aquarium.Tests.WaterChemistryTests.State_ClampsInvalidValuesAndSnapshotIsIndependent" methodname="State_ClampsInvalidValuesAndSnapshotIsIndependent" classname="Acuaria.Aquarium.Tests.WaterChemistryTests" runstate="Runnable" seed="1808295033" result="Passed" start-time="2026-07-29 01:01:44Z" end-time="2026-07-29 01:01:44Z" duration="0.000817" asserts="0">
                <properties>
                  <property name="retryIteration" value="0" />
                  <property name="repeatIteration" value="0" />
                </properties>
              </test-case>
              <test-case id="1067" name="Waste_ScalesWithFishAndVolumeSafely" fullname="Acuaria.Aquarium.Tests.WaterChemistryTests.Waste_ScalesWithFishAndVolumeSafely" methodname="Waste_ScalesWithFishAndVolumeSafely" classname="Acuaria.Aquarium.Tests.WaterChemistryTests" runstate="Runnable" seed="2014873602" result="Passed" start-time="2026-07-29 01:01:44Z" end-time="2026-07-29 01:01:44Z" duration="0.000722" asserts="0">
                <properties>
                  <property name="retryIteration" value="0" />
                  <property name="repeatIteration" value="0" />
                </properties>
              </test-case>
            </test-suite>
          </test-suite>
        </test-suite>
        <test-suite type="TestSuite" id="1074" name="Tests" fullname="Acuaria.Tests" runstate="Runnable" testcasecount="23" result="Passed" start-time="2026-07-29 01:01:44Z" end-time="2026-07-29 01:01:44Z" duration="0.057893" total="23" passed="23" failed="0" inconclusive="0" skipped="0" asserts="0">
          <properties />
          <test-suite type="TestSuite" id="1075" name="Aquarium" fullname="Acuaria.Tests.Aquarium" runstate="Runnable" testcasecount="6" result="Passed" start-time="2026-07-29 01:01:44Z" end-time="2026-07-29 01:01:44Z" duration="0.011412" total="6" passed="6" failed="0" inconclusive="0" skipped="0" asserts="0">
            <properties />
            <test-suite type="TestFixture" id="1001" name="MultiAquariumTests" fullname="Acuaria.Tests.Aquarium.MultiAquariumTests" classname="Acuaria.Tests.Aquarium.MultiAquariumTests" runstate="Runnable" testcasecount="6" result="Passed" start-time="2026-07-29 01:01:44Z" end-time="2026-07-29 01:01:44Z" duration="0.011089" total="6" passed="6" failed="0" inconclusive="0" skipped="0" asserts="0">
              <properties />
              <test-case id="1006" name="Context_RaisesChangingThenChanged_AndKeepsExactlyOneActive" fullname="Acuaria.Tests.Aquarium.MultiAquariumTests.Context_RaisesChangingThenChanged_AndKeepsExactlyOneActive" methodname="Context_RaisesChangingThenChanged_AndKeepsExactlyOneActive" classname="Acuaria.Tests.Aquarium.MultiAquariumTests" runstate="Runnable" seed="1482817439" result="Passed" start-time="2026-07-29 01:01:44Z" end-time="2026-07-29 01:01:44Z" duration="0.003340" asserts="0">
                <properties>
                  <property name="retryIteration" value="0" />
                  <property name="repeatIteration" value="0" />
                </properties>
              </test-case>
              <test-case id="1002" name="Factory_CreatesIndependentStateGraphs" fullname="Acuaria.Tests.Aquarium.MultiAquariumTests.Factory_CreatesIndependentStateGraphs" methodname="Factory_CreatesIndependentStateGraphs" classname="Acuaria.Tests.Aquarium.MultiAquariumTests" runstate="Runnable" seed="1114532526" result="Passed" start-time="2026-07-29 01:01:44Z" end-time="2026-07-29 01:01:44Z" duration="0.001627" asserts="0">
                <properties>
                  <property name="retryIteration" value="0" />
                  <property name="repeatIteration" value="0" />
                </properties>
              </test-case>
              <test-case id="1007" name="FishCollections_AreIndependent_AndRejectDuplicateIds" fullname="Acuaria.Tests.Aquarium.MultiAquariumTests.FishCollections_AreIndependent_AndRejectDuplicateIds" methodname="FishCollections_AreIndependent_AndRejectDuplicateIds" classname="Acuaria.Tests.Aquarium.MultiAquariumTests" runstate="Runnable" seed="1029561978" result="Passed" start-time="2026-07-29 01:01:44Z" end-time="2026-07-29 01:01:44Z" duration="0.000685" asserts="0">
                <properties>
                  <property name="retryIteration" value="0" />
                  <property name="repeatIteration" value="0" />
                </properties>
              </test-case>
              <test-case id="1005" name="InactiveTick_DoesNotAdvanceActiveAquarium" fullname="Acuaria.Tests.Aquarium.MultiAquariumTests.InactiveTick_DoesNotAdvanceActiveAquarium" methodname="InactiveTick_DoesNotAdvanceActiveAquarium" classname="Acuaria.Tests.Aquarium.MultiAquariumTests" runstate="Runnable" seed="1761143261" result="Passed" start-time="2026-07-29 01:01:44Z" end-time="2026-07-29 01:01:44Z" duration="0.002265" asserts="0">
                <properties>
                  <property name="retryIteration" value="0" />
                  <property name="repeatIteration" value="0" />
                </properties>
              </test-case>
              <test-case id="1004" name="Manager_ChangesExactlyOneActiveAquarium" fullname="Acuaria.Tests.Aquarium.MultiAquariumTests.Manager_ChangesExactlyOneActiveAquarium" methodname="Manager_ChangesExactlyOneActiveAquarium" classname="Acuaria.Tests.Aquarium.MultiAquariumTests" runstate="Runnable" seed="1375001318" result="Passed" start-time="2026-07-29 01:01:44Z" end-time="2026-07-29 01:01:44Z" duration="0.000897" asserts="0">
                <properties>
                  <property name="retryIteration" value="0" />
                  <property name="repeatIteration" value="0" />
                </properties>
              </test-case>
              <test-case id="1003" name="Repository_RejectsDuplicateIdsAndPreservesOrder" fullname="Acuaria.Tests.Aquarium.MultiAquariumTests.Repository_RejectsDuplicateIdsAndPreservesOrder" methodname="Repository_RejectsDuplicateIdsAndPreservesOrder" classname="Acuaria.Tests.Aquarium.MultiAquariumTests" runstate="Runnable" seed="452648042" result="Passed" start-time="2026-07-29 01:01:44Z" end-time="2026-07-29 01:01:44Z" duration="0.000619" asserts="0">
                <properties>
                  <property name="retryIteration" value="0" />
                  <property name="repeatIteration" value="0" />
                </properties>
              </test-case>
            </test-suite>
          </test-suite>
          <test-suite type="TestSuite" id="1076" name="EditMode" fullname="Acuaria.Tests.EditMode" runstate="Runnable" testcasecount="17" result="Passed" start-time="2026-07-29 01:01:44Z" end-time="2026-07-29 01:01:44Z" duration="0.045827" total="17" passed="17" failed="0" inconclusive="0" skipped="0" asserts="0">
            <properties />
            <test-suite type="TestSuite" id="1077" name="Aquarium" fullname="Acuaria.Tests.EditMode.Aquarium" runstate="Runnable" testcasecount="17" result="Passed" start-time="2026-07-29 01:01:44Z" end-time="2026-07-29 01:01:44Z" duration="0.045031" total="17" passed="17" failed="0" inconclusive="0" skipped="0" asserts="0">
              <properties />
              <test-suite type="TestFixture" id="1008" name="DecorationSystemTests" fullname="Acuaria.Tests.EditMode.Aquarium.DecorationSystemTests" classname="Acuaria.Tests.EditMode.Aquarium.DecorationSystemTests" runstate="Runnable" testcasecount="9" result="Passed" start-time="2026-07-29 01:01:44Z" end-time="2026-07-29 01:01:44Z" duration="0.028228" total="9" passed="9" failed="0" inconclusive="0" skipped="0" asserts="0">
                <properties />
                <test-case id="1015" name="AquariumDefinition_ExposesInstalledDecorationsAndCalculatedHabitat" fullname="Acuaria.Tests.EditMode.Aquarium.DecorationSystemTests.AquariumDefinition_ExposesInstalledDecorationsAndCalculatedHabitat" methodname="AquariumDefinition_ExposesInstalledDecorationsAndCalculatedHabitat" classname="Acuaria.Tests.EditMode.Aquarium.DecorationSystemTests" runstate="Runnable" seed="979434715" result="Passed" start-time="2026-07-29 01:01:44Z" end-time="2026-07-29 01:01:44Z" duration="0.002244" asserts="0">
                  <properties>
                    <property name="retryIteration" value="0" />
                    <property name="repeatIteration" value="0" />
                  </properties>
                </test-case>
                <test-case id="1010" name="DecorationArea_ConvertsNormalizedBoundsSafely" fullname="Acuaria.Tests.EditMode.Aquarium.DecorationSystemTests.DecorationArea_ConvertsNormalizedBoundsSafely" methodname="DecorationArea_ConvertsNormalizedBoundsSafely" classname="Acuaria.Tests.EditMode.Aquarium.DecorationSystemTests" runstate="Runnable" seed="2126427147" result="Passed" start-time="2026-07-29 01:01:44Z" end-time="2026-07-29 01:01:44Z" duration="0.002549" asserts="0">
                  <properties>
                    <property name="retryIteration" value="0" />
                    <property name="repeatIteration" value="0" />
                  </properties>
                </test-case>
                <test-case id="1012" name="DecorationDefinition_IsValidAndPreservesContribution" fullname="Acuaria.Tests.EditMode.Aquarium.DecorationSystemTests.DecorationDefinition_IsValidAndPreservesContribution" methodname="DecorationDefinition_IsValidAndPreservesContribution" classname="Acuaria.Tests.EditMode.Aquarium.DecorationSystemTests" runstate="Runnable" seed="1049939186" result="Passed" start-time="2026-07-29 01:01:44Z" end-time="2026-07-29 01:01:44Z" duration="0.000474" asserts="0">
                  <properties>
                    <property name="retryIteration" value="0" />
                    <property name="repeatIteration" value="0" />
                  </properties>
                </test-case>
                <test-case id="1013" name="DecorationRegistry_FindsEntriesAndReportsDuplicateIds" fullname="Acuaria.Tests.EditMode.Aquarium.DecorationSystemTests.DecorationRegistry_FindsEntriesAndReportsDuplicateIds" methodname="DecorationRegistry_FindsEntriesAndReportsDuplicateIds" classname="Acuaria.Tests.EditMode.Aquarium.DecorationSystemTests" runstate="Runnable" seed="1240919935" result="Passed" start-time="2026-07-29 01:01:44Z" end-time="2026-07-29 01:01:44Z" duration="0.001127" asserts="0">
                  <properties>
                    <property name="retryIteration" value="0" />
                    <property name="repeatIteration" value="0" />
                  </properties>
                </test-case>
                <test-case id="1016" name="Habitat_AffectsWelfareOnlyForSpeciesRequirements" fullname="Acuaria.Tests.EditMode.Aquarium.DecorationSystemTests.Habitat_AffectsWelfareOnlyForSpeciesRequirements" methodname="Habitat_AffectsWelfareOnlyForSpeciesRequirements" classname="Acuaria.Tests.EditMode.Aquarium.DecorationSystemTests" runstate="Runnable" seed="1130960651" result="Passed" start-time="2026-07-29 01:01:44Z" end-time="2026-07-29 01:01:44Z" duration="0.004100" asserts="0">
                  <properties>
                    <property name="retryIteration" value="0" />
                    <property name="repeatIteration" value="0" />
                  </properties>
                </test-case>
                <test-case id="1014" name="HabitatProfile_RecalculatesFunctionalValues" fullname="Acuaria.Tests.EditMode.Aquarium.DecorationSystemTests.HabitatProfile_RecalculatesFunctionalValues" methodname="HabitatProfile_RecalculatesFunctionalValues" classname="Acuaria.Tests.EditMode.Aquarium.DecorationSystemTests" runstate="Runnable" seed="2023803342" result="Passed" start-time="2026-07-29 01:01:44Z" end-time="2026-07-29 01:01:44Z" duration="0.000619" asserts="0">
                  <properties>
                    <property name="retryIteration" value="0" />
                    <property name="repeatIteration" value="0" />
                  </properties>
                </test-case>
                <test-case id="1017" name="HabitatValues_AreClampedAndFinite" fullname="Acuaria.Tests.EditMode.Aquarium.DecorationSystemTests.HabitatValues_AreClampedAndFinite" methodname="HabitatValues_AreClampedAndFinite" classname="Acuaria.Tests.EditMode.Aquarium.DecorationSystemTests" runstate="Runnable" seed="1681661167" result="Passed" start-time="2026-07-29 01:01:44Z" end-time="2026-07-29 01:01:44Z" duration="0.000465" asserts="0">
                  <properties>
                    <property name="retryIteration" value="0" />
                    <property name="repeatIteration" value="0" />
                  </properties>
                </test-case>
                <test-case id="1009" name="Placement_ClampsInvalidCoordinatesAndScale" fullname="Acuaria.Tests.EditMode.Aquarium.DecorationSystemTests.Placement_ClampsInvalidCoordinatesAndScale" methodname="Placement_ClampsInvalidCoordinatesAndScale" classname="Acuaria.Tests.EditMode.Aquarium.DecorationSystemTests" runstate="Runnable" seed="1525692278" result="Passed" start-time="2026-07-29 01:01:44Z" end-time="2026-07-29 01:01:44Z" duration="0.001175" asserts="0">
                  <properties>
                    <property name="retryIteration" value="0" />
                    <property name="repeatIteration" value="0" />
                  </properties>
                </test-case>
                <test-case id="1011" name="Spawner_SynchronizesByStableIdWithoutDuplicates" fullname="Acuaria.Tests.EditMode.Aquarium.DecorationSystemTests.Spawner_SynchronizesByStableIdWithoutDuplicates" methodname="Spawner_SynchronizesByStableIdWithoutDuplicates" classname="Acuaria.Tests.EditMode.Aquarium.DecorationSystemTests" runstate="Runnable" seed="419694491" result="Passed" start-time="2026-07-29 01:01:44Z" end-time="2026-07-29 01:01:44Z" duration="0.012980" asserts="0">
                  <properties>
                    <property name="retryIteration" value="0" />
                    <property name="repeatIteration" value="0" />
                  </properties>
                </test-case>
              </test-suite>
              <test-suite type="TestFixture" id="1018" name="HabitatEditorTests" fullname="Acuaria.Tests.EditMode.Aquarium.HabitatEditorTests" classname="Acuaria.Tests.EditMode.Aquarium.HabitatEditorTests" runstate="Runnable" testcasecount="8" result="Passed" start-time="2026-07-29 01:01:44Z" end-time="2026-07-29 01:01:44Z" duration="0.016072" total="8" passed="8" failed="0" inconclusive="0" skipped="0" asserts="0">
                <properties />
                <test-case id="1025" name="AddRemoveMoveFlipCommands_AreReversible" fullname="Acuaria.Tests.EditMode.Aquarium.HabitatEditorTests.AddRemoveMoveFlipCommands_AreReversible" methodname="AddRemoveMoveFlipCommands_AreReversible" classname="Acuaria.Tests.EditMode.Aquarium.HabitatEditorTests" runstate="Runnable" seed="1438631823" result="Passed" start-time="2026-07-29 01:01:44Z" end-time="2026-07-29 01:01:44Z" duration="0.003375" asserts="0">
                  <properties>
                    <property name="retryIteration" value="0" />
                    <property name="repeatIteration" value="0" />
                  </properties>
                </test-case>
                <test-case id="1019" name="Definition_ValidatesRequiredValues" fullname="Acuaria.Tests.EditMode.Aquarium.HabitatEditorTests.Definition_ValidatesRequiredValues" methodname="Definition_ValidatesRequiredValues" classname="Acuaria.Tests.EditMode.Aquarium.HabitatEditorTests" runstate="Runnable" seed="428481110" result="Passed" start-time="2026-07-29 01:01:44Z" end-time="2026-07-29 01:01:44Z" duration="0.000856" asserts="0">
                  <properties>
                    <property name="retryIteration" value="0" />
                    <property name="repeatIteration" value="0" />
                  </properties>
                </test-case>
                <test-case id="1026" name="History_RespectsLimitAndUndoOrder" fullname="Acuaria.Tests.EditMode.Aquarium.HabitatEditorTests.History_RespectsLimitAndUndoOrder" methodname="History_RespectsLimitAndUndoOrder" classname="Acuaria.Tests.EditMode.Aquarium.HabitatEditorTests" runstate="Runnable" seed="1158191179" result="Passed" start-time="2026-07-29 01:01:44Z" end-time="2026-07-29 01:01:44Z" duration="0.001391" asserts="0">
                  <properties>
                    <property name="retryIteration" value="0" />
                    <property name="repeatIteration" value="0" />
                  </properties>
                </test-case>
                <test-case id="1023" name="Overlap_IsZeroPartialAndComplete" fullname="Acuaria.Tests.EditMode.Aquarium.HabitatEditorTests.Overlap_IsZeroPartialAndComplete" methodname="Overlap_IsZeroPartialAndComplete" classname="Acuaria.Tests.EditMode.Aquarium.HabitatEditorTests" runstate="Runnable" seed="1078434441" result="Passed" start-time="2026-07-29 01:01:44Z" end-time="2026-07-29 01:01:44Z" duration="0.001338" asserts="0">
                  <properties>
                    <property name="retryIteration" value="0" />
                    <property name="repeatIteration" value="0" />
                  </properties>
                </test-case>
                <test-case id="1021" name="Selection_IsSafeAndDoesNotMutatePlacement" fullname="Acuaria.Tests.EditMode.Aquarium.HabitatEditorTests.Selection_IsSafeAndDoesNotMutatePlacement" methodname="Selection_IsSafeAndDoesNotMutatePlacement" classname="Acuaria.Tests.EditMode.Aquarium.HabitatEditorTests" runstate="Runnable" seed="918281346" result="Passed" start-time="2026-07-29 01:01:44Z" end-time="2026-07-29 01:01:44Z" duration="0.000935" asserts="0">
                  <properties>
                    <property name="retryIteration" value="0" />
                    <property name="repeatIteration" value="0" />
                  </properties>
                </test-case>
                <test-case id="1020" name="Snapshot_IsIndependentAndDetectsChanges" fullname="Acuaria.Tests.EditMode.Aquarium.HabitatEditorTests.Snapshot_IsIndependentAndDetectsChanges" methodname="Snapshot_IsIndependentAndDetectsChanges" classname="Acuaria.Tests.EditMode.Aquarium.HabitatEditorTests" runstate="Runnable" seed="720274882" result="Passed" start-time="2026-07-29 01:01:44Z" end-time="2026-07-29 01:01:44Z" duration="0.001583" asserts="0">
                  <properties>
                    <property name="retryIteration" value="0" />
                    <property name="repeatIteration" value="0" />
                  </properties>
                </test-case>
                <test-case id="1024" name="Validator_BlocksCriticalOverlap" fullname="Acuaria.Tests.EditMode.Aquarium.HabitatEditorTests.Validator_BlocksCriticalOverlap" methodname="Validator_BlocksCriticalOverlap" classname="Acuaria.Tests.EditMode.Aquarium.HabitatEditorTests" runstate="Runnable" seed="777600961" result="Passed" start-time="2026-07-29 01:01:44Z" end-time="2026-07-29 01:01:44Z" duration="0.002732" asserts="0">
                  <properties>
                    <property name="retryIteration" value="0" />
                    <property name="repeatIteration" value="0" />
                  </properties>
                </test-case>
                <test-case id="1022" name="Validator_SnapsBottomAndRejectsOutside" fullname="Acuaria.Tests.EditMode.Aquarium.HabitatEditorTests.Validator_SnapsBottomAndRejectsOutside" methodname="Validator_SnapsBottomAndRejectsOutside" classname="Acuaria.Tests.EditMode.Aquarium.HabitatEditorTests" runstate="Runnable" seed="1012029718" result="Passed" start-time="2026-07-29 01:01:44Z" end-time="2026-07-29 01:01:44Z" duration="0.000871" asserts="0">
                  <properties>
                    <property name="retryIteration" value="0" />
                    <property name="repeatIteration" value="0" />
                  </properties>
                </test-case>
              </test-suite>
            </test-suite>
          </test-suite>
        </test-suite>
      </test-suite>
    </test-suite>
    <test-suite type="Assembly" id="1085" name="Acuaria.Feeding.EditModeTests.dll" fullname="C:/Users/ricar/Documents/github/acuaria/Acuaria/Library/ScriptAssemblies/Acuaria.Feeding.EditModeTests.dll" runstate="Runnable" testcasecount="4" result="Passed" start-time="2026-07-29 01:01:44Z" end-time="2026-07-29 01:01:44Z" duration="0.014796" total="4" passed="4" failed="0" inconclusive="0" skipped="0" asserts="0">
      <properties>
        <property name="_PID" value="8392" />
        <property name="_APPDOMAIN" value="Unity Child Domain" />
        <property name="platform" value="EditMode" />
        <property name="EditorOnly" value="True" />
      </properties>
      <test-suite type="TestSuite" id="1086" name="Acuaria" fullname="Acuaria" runstate="Runnable" testcasecount="4" result="Passed" start-time="2026-07-29 01:01:44Z" end-time="2026-07-29 01:01:44Z" duration="0.014280" total="4" passed="4" failed="0" inconclusive="0" skipped="0" asserts="0">
        <properties />
        <test-suite type="TestSuite" id="1087" name="Feeding" fullname="Acuaria.Feeding" runstate="Runnable" testcasecount="4" result="Passed" start-time="2026-07-29 01:01:44Z" end-time="2026-07-29 01:01:44Z" duration="0.014094" total="4" passed="4" failed="0" inconclusive="0" skipped="0" asserts="0">
          <properties />
          <test-suite type="TestSuite" id="1088" name="Tests" fullname="Acuaria.Feeding.Tests" runstate="Runnable" testcasecount="4" result="Passed" start-time="2026-07-29 01:01:44Z" end-time="2026-07-29 01:01:44Z" duration="0.013873" total="4" passed="4" failed="0" inconclusive="0" skipped="0" asserts="0">
            <properties />
            <test-suite type="TestFixture" id="1080" name="FeedingSystemTests" fullname="Acuaria.Feeding.Tests.FeedingSystemTests" classname="Acuaria.Feeding.Tests.FeedingSystemTests" runstate="Runnable" testcasecount="4" result="Passed" start-time="2026-07-29 01:01:44Z" end-time="2026-07-29 01:01:44Z" duration="0.013608" total="4" passed="4" failed="0" inconclusive="0" skipped="0" asserts="0">
              <properties />
              <test-case id="1081" name="Definition_ClampsValuesButRequiresId" fullname="Acuaria.Feeding.Tests.FeedingSystemTests.Definition_ClampsValuesButRequiresId" methodname="Definition_ClampsValuesButRequiresId" classname="Acuaria.Feeding.Tests.FeedingSystemTests" runstate="Runnable" seed="1309970125" result="Passed" start-time="2026-07-29 01:01:44Z" end-time="2026-07-29 01:01:44Z" duration="0.001323" asserts="0">
                <properties>
                  <property name="retryIteration" value="0" />
                  <property name="repeatIteration" value="0" />
                </properties>
              </test-case>
              <test-case id="1083" name="FeedingArea_ValidatesAndProjectsSurface" fullname="Acuaria.Feeding.Tests.FeedingSystemTests.FeedingArea_ValidatesAndProjectsSurface" methodname="FeedingArea_ValidatesAndProjectsSurface" classname="Acuaria.Feeding.Tests.FeedingSystemTests" runstate="Runnable" seed="1971590614" result="Passed" start-time="2026-07-29 01:01:44Z" end-time="2026-07-29 01:01:44Z" duration="0.002262" asserts="0">
                <properties>
                  <property name="retryIteration" value="0" />
                  <property name="repeatIteration" value="0" />
                </properties>
              </test-case>
              <test-case id="1084" name="FoodController_LimitsClaimsAndConsumesUnits" fullname="Acuaria.Feeding.Tests.FeedingSystemTests.FoodController_LimitsClaimsAndConsumesUnits" methodname="FoodController_LimitsClaimsAndConsumesUnits" classname="Acuaria.Feeding.Tests.FeedingSystemTests" runstate="Runnable" seed="656185155" result="Passed" start-time="2026-07-29 01:01:44Z" end-time="2026-07-29 01:01:44Z" duration="0.006742" asserts="0">
                <properties>
                  <property name="retryIteration" value="0" />
                  <property name="repeatIteration" value="0" />
                </properties>
              </test-case>
              <test-case id="1082" name="RuntimeState_ClaimsReleasesConsumesAndExpiresSafely" fullname="Acuaria.Feeding.Tests.FeedingSystemTests.RuntimeState_ClaimsReleasesConsumesAndExpiresSafely" methodname="RuntimeState_ClaimsReleasesConsumesAndExpiresSafely" classname="Acuaria.Feeding.Tests.FeedingSystemTests" runstate="Runnable" seed="535232148" result="Passed" start-time="2026-07-29 01:01:44Z" end-time="2026-07-29 01:01:44Z" duration="0.001606" asserts="0">
                <properties>
                  <property name="retryIteration" value="0" />
                  <property name="repeatIteration" value="0" />
                </properties>
              </test-case>
            </test-suite>
          </test-suite>
        </test-suite>
      </test-suite>
    </test-suite>
    <test-suite type="Assembly" id="1150" name="Acuaria.Fish.EditModeTests.dll" fullname="C:/Users/ricar/Documents/github/acuaria/Acuaria/Library/ScriptAssemblies/Acuaria.Fish.EditModeTests.dll" runstate="Runnable" testcasecount="51" result="Passed" start-time="2026-07-29 01:01:44Z" end-time="2026-07-29 01:01:44Z" duration="0.054996" total="51" passed="51" failed="0" inconclusive="0" skipped="0" asserts="0">
      <properties>
        <property name="_PID" value="8392" />
        <property name="_APPDOMAIN" value="Unity Child Domain" />
        <property name="platform" value="EditMode" />
        <property name="EditorOnly" value="True" />
      </properties>
      <test-suite type="TestSuite" id="1151" name="Acuaria" fullname="Acuaria" runstate="Runnable" testcasecount="51" result="Passed" start-time="2026-07-29 01:01:44Z" end-time="2026-07-29 01:01:44Z" duration="0.053847" total="51" passed="51" failed="0" inconclusive="0" skipped="0" asserts="0">
        <properties />
        <test-suite type="TestSuite" id="1154" name="Fish" fullname="Acuaria.Fish" runstate="Runnable" testcasecount="46" result="Passed" start-time="2026-07-29 01:01:44Z" end-time="2026-07-29 01:01:44Z" duration="0.041825" total="46" passed="46" failed="0" inconclusive="0" skipped="0" asserts="0">
          <properties />
          <test-suite type="TestSuite" id="1155" name="Tests" fullname="Acuaria.Fish.Tests" runstate="Runnable" testcasecount="46" result="Passed" start-time="2026-07-29 01:01:44Z" end-time="2026-07-29 01:01:44Z" duration="0.040980" total="46" passed="46" failed="0" inconclusive="0" skipped="0" asserts="0">
            <properties />
            <test-suite type="TestFixture" id="1095" name="FishArchitectureTests" fullname="Acuaria.Fish.Tests.FishArchitectureTests" classname="Acuaria.Fish.Tests.FishArchitectureTests" runstate="Runnable" testcasecount="20" result="Passed" start-time="2026-07-29 01:01:44Z" end-time="2026-07-29 01:01:44Z" duration="0.016463" total="20" passed="20" failed="0" inconclusive="0" skipped="0" asserts="0">
              <properties />
              <test-case id="1110" name="Arrival_UsesThresholdAndBoundaryHorizontalFallback" fullname="Acuaria.Fish.Tests.FishArchitectureTests.Arrival_UsesThresholdAndBoundaryHorizontalFallback" methodname="Arrival_UsesThresholdAndBoundaryHorizontalFallback" classname="Acuaria.Fish.Tests.FishArchitectureTests" runstate="Runnable" seed="1617733707" result="Passed" start-time="2026-07-29 01:01:44Z" end-time="2026-07-29 01:01:44Z" duration="0.000976" asserts="0">
                <properties>
                  <property name="retryIteration" value="0" />
                  <property name="repeatIteration" value="0" />
                </properties>
              </test-case>
              <test-suite type="ParameterizedMethod" id="1114" name="BoundaryRecovery_DetectsOnlyOutwardMotion" fullname="Acuaria.Fish.Tests.FishArchitectureTests.BoundaryRecovery_DetectsOnlyOutwardMotion" classname="Acuaria.Fish.Tests.FishArchitectureTests" runstate="Runnable" testcasecount="3" result="Passed" start-time="2026-07-29 01:01:44Z" end-time="2026-07-29 01:01:44Z" duration="0.001609" total="3" passed="3" failed="0" inconclusive="0" skipped="0" asserts="0">
                <properties />
                <test-case id="1111" name="BoundaryRecovery_DetectsOnlyOutwardMotion(-2.95f,-1.0f,True)" fullname="Acuaria.Fish.Tests.FishArchitectureTests.BoundaryRecovery_DetectsOnlyOutwardMotion(-2.95f,-1.0f,True)" methodname="BoundaryRecovery_DetectsOnlyOutwardMotion" classname="Acuaria.Fish.Tests.FishArchitectureTests" runstate="Runnable" seed="1143849146" result="Passed" start-time="2026-07-29 01:01:44Z" end-time="2026-07-29 01:01:44Z" duration="0.000753" asserts="0">
                  <properties>
                    <property name="retryIteration" value="0" />
                    <property name="repeatIteration" value="0" />
                  </properties>
                </test-case>
                <test-case id="1112" name="BoundaryRecovery_DetectsOnlyOutwardMotion(2.95f,1.0f,True)" fullname="Acuaria.Fish.Tests.FishArchitectureTests.BoundaryRecovery_DetectsOnlyOutwardMotion(2.95f,1.0f,True)" methodname="BoundaryRecovery_DetectsOnlyOutwardMotion" classname="Acuaria.Fish.Tests.FishArchitectureTests" runstate="Runnable" seed="1922372943" result="Passed" start-time="2026-07-29 01:01:44Z" end-time="2026-07-29 01:01:44Z" duration="0.000118" asserts="0">
                  <properties>
                    <property name="retryIteration" value="0" />
                    <property name="repeatIteration" value="0" />
                  </properties>
                </test-case>
                <test-case id="1113" name="BoundaryRecovery_DetectsOnlyOutwardMotion(0.0f,1.0f,False)" fullname="Acuaria.Fish.Tests.FishArchitectureTests.BoundaryRecovery_DetectsOnlyOutwardMotion(0.0f,1.0f,False)" methodname="BoundaryRecovery_DetectsOnlyOutwardMotion" classname="Acuaria.Fish.Tests.FishArchitectureTests" runstate="Runnable" seed="132166457" result="Passed" start-time="2026-07-29 01:01:44Z" end-time="2026-07-29 01:01:44Z" duration="0.000115" asserts="0">
                  <properties>
                    <property name="retryIteration" value="0" />
                    <property name="repeatIteration" value="0" />
                  </properties>
                </test-case>
              </test-suite>
              <test-suite type="ParameterizedMethod" id="1117" name="BoundaryRecovery_DirectionPointsInsideAndNeverTeleports" fullname="Acuaria.Fish.Tests.FishArchitectureTests.BoundaryRecovery_DirectionPointsInsideAndNeverTeleports" classname="Acuaria.Fish.Tests.FishArchitectureTests" runstate="Runnable" testcasecount="2" result="Passed" start-time="2026-07-29 01:01:44Z" end-time="2026-07-29 01:01:44Z" duration="0.001827" total="2" passed="2" failed="0" inconclusive="0" skipped="0" asserts="0">
                <properties />
                <test-case id="1115" name="BoundaryRecovery_DirectionPointsInsideAndNeverTeleports(-2.95f,1)" fullname="Acuaria.Fish.Tests.FishArchitectureTests.BoundaryRecovery_DirectionPointsInsideAndNeverTeleports(-2.95f,1)" methodname="BoundaryRecovery_DirectionPointsInsideAndNeverTeleports" classname="Acuaria.Fish.Tests.FishArchitectureTests" runstate="Runnable" seed="809823659" result="Passed" start-time="2026-07-29 01:01:44Z" end-time="2026-07-29 01:01:44Z" duration="0.000945" asserts="0">
                  <properties>
                    <property name="retryIteration" value="0" />
                    <property name="repeatIteration" value="0" />
                  </properties>
                </test-case>
                <test-case id="1116" name="BoundaryRecovery_DirectionPointsInsideAndNeverTeleports(2.95f,-1)" fullname="Acuaria.Fish.Tests.FishArchitectureTests.BoundaryRecovery_DirectionPointsInsideAndNeverTeleports(2.95f,-1)" methodname="BoundaryRecovery_DirectionPointsInsideAndNeverTeleports" classname="Acuaria.Fish.Tests.FishArchitectureTests" runstate="Runnable" seed="488128171" result="Passed" start-time="2026-07-29 01:01:44Z" end-time="2026-07-29 01:01:44Z" duration="0.000154" asserts="0">
                  <properties>
                    <property name="retryIteration" value="0" />
                    <property name="repeatIteration" value="0" />
                  </properties>
                </test-case>
              </test-suite>
              <test-suite type="ParameterizedMethod" id="1101" name="Bounds_LevelZonesRemainInsideArea" fullname="Acuaria.Fish.Tests.FishArchitectureTests.Bounds_LevelZonesRemainInsideArea" classname="Acuaria.Fish.Tests.FishArchitectureTests" runstate="Runnable" testcasecount="3" result="Passed" start-time="2026-07-29 01:01:44Z" end-time="2026-07-29 01:01:44Z" duration="0.002118" total="3" passed="3" failed="0" inconclusive="0" skipped="0" asserts="0">
                <properties />
                <test-case id="1098" name="Bounds_LevelZonesRemainInsideArea(Upper)" fullname="Acuaria.Fish.Tests.FishArchitectureTests.Bounds_LevelZonesRemainInsideArea(Upper)" methodname="Bounds_LevelZonesRemainInsideArea" classname="Acuaria.Fish.Tests.FishArchitectureTests" runstate="Runnable" seed="1710026472" result="Passed" start-time="2026-07-29 01:01:44Z" end-time="2026-07-29 01:01:44Z" duration="0.001054" asserts="0">
                  <properties>
                    <property name="retryIteration" value="0" />
                    <property name="repeatIteration" value="0" />
                  </properties>
                </test-case>
                <test-case id="1099" name="Bounds_LevelZonesRemainInsideArea(Middle)" fullname="Acuaria.Fish.Tests.FishArchitectureTests.Bounds_LevelZonesRemainInsideArea(Middle)" methodname="Bounds_LevelZonesRemainInsideArea" classname="Acuaria.Fish.Tests.FishArchitectureTests" runstate="Runnable" seed="321873288" result="Passed" start-time="2026-07-29 01:01:44Z" end-time="2026-07-29 01:01:44Z" duration="0.000130" asserts="0">
                  <properties>
                    <property name="retryIteration" value="0" />
                    <property name="repeatIteration" value="0" />
                  </properties>
                </test-case>
                <test-case id="1100" name="Bounds_LevelZonesRemainInsideArea(Lower)" fullname="Acuaria.Fish.Tests.FishArchitectureTests.Bounds_LevelZonesRemainInsideArea(Lower)" methodname="Bounds_LevelZonesRemainInsideArea" classname="Acuaria.Fish.Tests.FishArchitectureTests" runstate="Runnable" seed="1359267838" result="Passed" start-time="2026-07-29 01:01:44Z" end-time="2026-07-29 01:01:44Z" duration="0.000090" asserts="0">
                  <properties>
                    <property name="retryIteration" value="0" />
                    <property name="repeatIteration" value="0" />
                  </properties>
                </test-case>
              </test-suite>
              <test-case id="1102" name="Clamp_RespectsEveryBoundary" fullname="Acuaria.Fish.Tests.FishArchitectureTests.Clamp_RespectsEveryBoundary" methodname="Clamp_RespectsEveryBoundary" classname="Acuaria.Fish.Tests.FishArchitectureTests" runstate="Runnable" seed="940226135" result="Passed" start-time="2026-07-29 01:01:44Z" end-time="2026-07-29 01:01:44Z" duration="0.000405" asserts="0">
                <properties>
                  <property name="retryIteration" value="0" />
                  <property name="repeatIteration" value="0" />
                </properties>
              </test-case>
              <test-case id="1105" name="DifferentSeeds_ProduceDifferentTargets" fullname="Acuaria.Fish.Tests.FishArchitectureTests.DifferentSeeds_ProduceDifferentTargets" methodname="DifferentSeeds_ProduceDifferentTargets" classname="Acuaria.Fish.Tests.FishArchitectureTests" runstate="Runnable" seed="733781149" result="Passed" start-time="2026-07-29 01:01:44Z" end-time="2026-07-29 01:01:44Z" duration="0.001135" asserts="0">
                <properties>
                  <property name="retryIteration" value="0" />
                  <property name="repeatIteration" value="0" />
                </properties>
              </test-case>
              <test-case id="1103" name="Inset_ProducesValidPositiveBoundsAndHandlesExcessivePadding" fullname="Acuaria.Fish.Tests.FishArchitectureTests.Inset_ProducesValidPositiveBoundsAndHandlesExcessivePadding" methodname="Inset_ProducesValidPositiveBoundsAndHandlesExcessivePadding" classname="Acuaria.Fish.Tests.FishArchitectureTests" runstate="Runnable" seed="815521129" result="Passed" start-time="2026-07-29 01:01:44Z" end-time="2026-07-29 01:01:44Z" duration="0.000573" asserts="0">
                <properties>
                  <property name="retryIteration" value="0" />
                  <property name="repeatIteration" value="0" />
                </properties>
              </test-case>
              <test-case id="1097" name="RuntimeState_InitializesWithoutVisualDependencies" fullname="Acuaria.Fish.Tests.FishArchitectureTests.RuntimeState_InitializesWithoutVisualDependencies" methodname="RuntimeState_InitializesWithoutVisualDependencies" classname="Acuaria.Fish.Tests.FishArchitectureTests" runstate="Runnable" seed="910476334" result="Passed" start-time="2026-07-29 01:01:44Z" end-time="2026-07-29 01:01:44Z" duration="0.000464" asserts="0">
                <properties>
                  <property name="retryIteration" value="0" />
                  <property name="repeatIteration" value="0" />
                </properties>
              </test-case>
              <test-case id="1104" name="SameSeed_ProducesEquivalentSequence" fullname="Acuaria.Fish.Tests.FishArchitectureTests.SameSeed_ProducesEquivalentSequence" methodname="SameSeed_ProducesEquivalentSequence" classname="Acuaria.Fish.Tests.FishArchitectureTests" runstate="Runnable" seed="1100224316" result="Passed" start-time="2026-07-29 01:01:44Z" end-time="2026-07-29 01:01:44Z" duration="0.000343" asserts="0">
                <properties>
                  <property name="retryIteration" value="0" />
                  <property name="repeatIteration" value="0" />
                </properties>
              </test-case>
              <test-case id="1119" name="Separation_AffectsOnlyNearbyFish" fullname="Acuaria.Fish.Tests.FishArchitectureTests.Separation_AffectsOnlyNearbyFish" methodname="Separation_AffectsOnlyNearbyFish" classname="Acuaria.Fish.Tests.FishArchitectureTests" runstate="Runnable" seed="84863596" result="Passed" start-time="2026-07-29 01:01:44Z" end-time="2026-07-29 01:01:44Z" duration="0.000654" asserts="0">
                <properties>
                  <property name="retryIteration" value="0" />
                  <property name="repeatIteration" value="0" />
                </properties>
              </test-case>
              <test-case id="1096" name="Species_ClampsAuthoringValuesAndRequiresId" fullname="Acuaria.Fish.Tests.FishArchitectureTests.Species_ClampsAuthoringValuesAndRequiresId" methodname="Species_ClampsAuthoringValuesAndRequiresId" classname="Acuaria.Fish.Tests.FishArchitectureTests" runstate="Runnable" seed="74577596" result="Passed" start-time="2026-07-29 01:01:44Z" end-time="2026-07-29 01:01:44Z" duration="0.000705" asserts="0">
                <properties>
                  <property name="retryIteration" value="0" />
                  <property name="repeatIteration" value="0" />
                </properties>
              </test-case>
              <test-case id="1118" name="Step_StaysInsideBoundsAndLimitsVerticalDirection" fullname="Acuaria.Fish.Tests.FishArchitectureTests.Step_StaysInsideBoundsAndLimitsVerticalDirection" methodname="Step_StaysInsideBoundsAndLimitsVerticalDirection" classname="Acuaria.Fish.Tests.FishArchitectureTests" runstate="Runnable" seed="585000749" result="Passed" start-time="2026-07-29 01:01:44Z" end-time="2026-07-29 01:01:44Z" duration="0.001139" asserts="0">
                <properties>
                  <property name="retryIteration" value="0" />
                  <property name="repeatIteration" value="0" />
                </properties>
              </test-case>
              <test-case id="1109" name="WanderTarget_FallbackIsFiniteAndInsideWhenAttemptsAreLimited" fullname="Acuaria.Fish.Tests.FishArchitectureTests.WanderTarget_FallbackIsFiniteAndInsideWhenAttemptsAreLimited" methodname="WanderTarget_FallbackIsFiniteAndInsideWhenAttemptsAreLimited" classname="Acuaria.Fish.Tests.FishArchitectureTests" runstate="Runnable" seed="1998643339" result="Passed" start-time="2026-07-29 01:01:44Z" end-time="2026-07-29 01:01:44Z" duration="0.000394" asserts="0">
                <properties>
                  <property name="retryIteration" value="0" />
                  <property name="repeatIteration" value="0" />
                </properties>
              </test-case>
              <test-suite type="ParameterizedMethod" id="1108" name="WanderTarget_PrefersOppositeSideAndRespectsMinimumTravel" fullname="Acuaria.Fish.Tests.FishArchitectureTests.WanderTarget_PrefersOppositeSideAndRespectsMinimumTravel" classname="Acuaria.Fish.Tests.FishArchitectureTests" runstate="Runnable" testcasecount="2" result="Passed" start-time="2026-07-29 01:01:44Z" end-time="2026-07-29 01:01:44Z" duration="0.001249" total="2" passed="2" failed="0" inconclusive="0" skipped="0" asserts="0">
                <properties />
                <test-case id="1106" name="WanderTarget_PrefersOppositeSideAndRespectsMinimumTravel(-2.8f,1)" fullname="Acuaria.Fish.Tests.FishArchitectureTests.WanderTarget_PrefersOppositeSideAndRespectsMinimumTravel(-2.8f,1)" methodname="WanderTarget_PrefersOppositeSideAndRespectsMinimumTravel" classname="Acuaria.Fish.Tests.FishArchitectureTests" runstate="Runnable" seed="94993291" result="Passed" start-time="2026-07-29 01:01:44Z" end-time="2026-07-29 01:01:44Z" duration="0.000523" asserts="0">
                  <properties>
                    <property name="retryIteration" value="0" />
                    <property name="repeatIteration" value="0" />
                  </properties>
                </test-case>
                <test-case id="1107" name="WanderTarget_PrefersOppositeSideAndRespectsMinimumTravel(2.8f,-1)" fullname="Acuaria.Fish.Tests.FishArchitectureTests.WanderTarget_PrefersOppositeSideAndRespectsMinimumTravel(2.8f,-1)" methodname="WanderTarget_PrefersOppositeSideAndRespectsMinimumTravel" classname="Acuaria.Fish.Tests.FishArchitectureTests" runstate="Runnable" seed="1137680873" result="Passed" start-time="2026-07-29 01:01:44Z" end-time="2026-07-29 01:01:44Z" duration="0.000108" asserts="0">
                  <properties>
                    <property name="retryIteration" value="0" />
                    <property name="repeatIteration" value="0" />
                  </properties>
                </test-case>
              </test-suite>
            </test-suite>
            <test-suite type="TestFixture" id="1120" name="FishWelfareTests" fullname="Acuaria.Fish.Tests.FishWelfareTests" classname="Acuaria.Fish.Tests.FishWelfareTests" runstate="Runnable" testcasecount="26" result="Passed" start-time="2026-07-29 01:01:44Z" end-time="2026-07-29 01:01:44Z" duration="0.023062" total="26" passed="26" failed="0" inconclusive="0" skipped="0" asserts="0">
              <properties />
              <test-case id="1137" name="AquariumWelfare_ConsidersWorst" fullname="Acuaria.Fish.Tests.FishWelfareTests.AquariumWelfare_ConsidersWorst" methodname="AquariumWelfare_ConsidersWorst" classname="Acuaria.Fish.Tests.FishWelfareTests" runstate="Runnable" seed="513000208" result="Passed" start-time="2026-07-29 01:01:44Z" end-time="2026-07-29 01:01:44Z" duration="0.002282" asserts="0">
                <properties>
                  <property name="retryIteration" value="0" />
                  <property name="repeatIteration" value="0" />
                </properties>
              </test-case>
              <test-case id="1121" name="CareRequirements_AreValidAndFinite" fullname="Acuaria.Fish.Tests.FishWelfareTests.CareRequirements_AreValidAndFinite" methodname="CareRequirements_AreValidAndFinite" classname="Acuaria.Fish.Tests.FishWelfareTests" runstate="Runnable" seed="1481058067" result="Passed" start-time="2026-07-29 01:01:44Z" end-time="2026-07-29 01:01:44Z" duration="0.000497" asserts="0">
                <properties>
                  <property name="retryIteration" value="0" />
                  <property name="repeatIteration" value="0" />
                </properties>
              </test-case>
              <test-case id="1142" name="ClosingModal_RestoresInput" fullname="Acuaria.Fish.Tests.FishWelfareTests.ClosingModal_RestoresInput" methodname="ClosingModal_RestoresInput" classname="Acuaria.Fish.Tests.FishWelfareTests" runstate="Runnable" seed="1264854969" result="Passed" start-time="2026-07-29 01:01:44Z" end-time="2026-07-29 01:01:44Z" duration="0.000428" asserts="0">
                <properties>
                  <property name="retryIteration" value="0" />
                  <property name="repeatIteration" value="0" />
                </properties>
              </test-case>
              <test-case id="1128" name="DangerousWater_PenalizesSensitiveMore" fullname="Acuaria.Fish.Tests.FishWelfareTests.DangerousWater_PenalizesSensitiveMore" methodname="DangerousWater_PenalizesSensitiveMore" classname="Acuaria.Fish.Tests.FishWelfareTests" runstate="Runnable" seed="1999213821" result="Passed" start-time="2026-07-29 01:01:44Z" end-time="2026-07-29 01:01:44Z" duration="0.000648" asserts="0">
                <properties>
                  <property name="retryIteration" value="0" />
                  <property name="repeatIteration" value="0" />
                </properties>
              </test-case>
              <test-case id="1130" name="EmptyAquarium_IsSpacious" fullname="Acuaria.Fish.Tests.FishWelfareTests.EmptyAquarium_IsSpacious" methodname="EmptyAquarium_IsSpacious" classname="Acuaria.Fish.Tests.FishWelfareTests" runstate="Runnable" seed="1825953628" result="Passed" start-time="2026-07-29 01:01:44Z" end-time="2026-07-29 01:01:44Z" duration="0.000729" asserts="0">
                <properties>
                  <property name="retryIteration" value="0" />
                  <property name="repeatIteration" value="0" />
                </properties>
              </test-case>
              <test-case id="1133" name="Evolution_ApproachesTarget" fullname="Acuaria.Fish.Tests.FishWelfareTests.Evolution_ApproachesTarget" methodname="Evolution_ApproachesTarget" classname="Acuaria.Fish.Tests.FishWelfareTests" runstate="Runnable" seed="1024206102" result="Passed" start-time="2026-07-29 01:01:44Z" end-time="2026-07-29 01:01:44Z" duration="0.001386" asserts="0">
                <properties>
                  <property name="retryIteration" value="0" />
                  <property name="repeatIteration" value="0" />
                </properties>
              </test-case>
              <test-case id="1143" name="ExplicitPause_IsIndependentFromModal" fullname="Acuaria.Fish.Tests.FishWelfareTests.ExplicitPause_IsIndependentFromModal" methodname="ExplicitPause_IsIndependentFromModal" classname="Acuaria.Fish.Tests.FishWelfareTests" runstate="Runnable" seed="50593885" result="Passed" start-time="2026-07-29 01:01:44Z" end-time="2026-07-29 01:01:44Z" duration="0.000470" asserts="0">
                <properties>
                  <property name="retryIteration" value="0" />
                  <property name="repeatIteration" value="0" />
                </properties>
              </test-case>
              <test-case id="1131" name="HighActivity_RaisesDemand" fullname="Acuaria.Fish.Tests.FishWelfareTests.HighActivity_RaisesDemand" methodname="HighActivity_RaisesDemand" classname="Acuaria.Fish.Tests.FishWelfareTests" runstate="Runnable" seed="1929102160" result="Passed" start-time="2026-07-29 01:01:44Z" end-time="2026-07-29 01:01:44Z" duration="0.000540" asserts="0">
                <properties>
                  <property name="retryIteration" value="0" />
                  <property name="repeatIteration" value="0" />
                </properties>
              </test-case>
              <test-case id="1124" name="IdealConditions_ProduceHighScore" fullname="Acuaria.Fish.Tests.FishWelfareTests.IdealConditions_ProduceHighScore" methodname="IdealConditions_ProduceHighScore" classname="Acuaria.Fish.Tests.FishWelfareTests" runstate="Runnable" seed="181785027" result="Passed" start-time="2026-07-29 01:01:44Z" end-time="2026-07-29 01:01:44Z" duration="0.000437" asserts="0">
                <properties>
                  <property name="retryIteration" value="0" />
                  <property name="repeatIteration" value="0" />
                </properties>
              </test-case>
              <test-case id="1129" name="Incompatibility_ReducesScore" fullname="Acuaria.Fish.Tests.FishWelfareTests.Incompatibility_ReducesScore" methodname="Incompatibility_ReducesScore" classname="Acuaria.Fish.Tests.FishWelfareTests" runstate="Runnable" seed="580968079" result="Passed" start-time="2026-07-29 01:01:44Z" end-time="2026-07-29 01:01:44Z" duration="0.000308" asserts="0">
                <properties>
                  <property name="retryIteration" value="0" />
                  <property name="repeatIteration" value="0" />
                </properties>
              </test-case>
              <test-case id="1127" name="InsufficientGroup_CreatesIssue" fullname="Acuaria.Fish.Tests.FishWelfareTests.InsufficientGroup_CreatesIssue" methodname="InsufficientGroup_CreatesIssue" classname="Acuaria.Fish.Tests.FishWelfareTests" runstate="Runnable" seed="731010959" result="Passed" start-time="2026-07-29 01:01:44Z" end-time="2026-07-29 01:01:44Z" duration="0.000498" asserts="0">
                <properties>
                  <property name="retryIteration" value="0" />
                  <property name="repeatIteration" value="0" />
                </properties>
              </test-case>
              <test-case id="1126" name="InsufficientVolume_ReducesScore" fullname="Acuaria.Fish.Tests.FishWelfareTests.InsufficientVolume_ReducesScore" methodname="InsufficientVolume_ReducesScore" classname="Acuaria.Fish.Tests.FishWelfareTests" runstate="Runnable" seed="676663264" result="Passed" start-time="2026-07-29 01:01:44Z" end-time="2026-07-29 01:01:44Z" duration="0.000343" asserts="0">
                <properties>
                  <property name="retryIteration" value="0" />
[...]
                  <properties>
                    <property name="retryIteration" value="0" />
                    <property name="repeatIteration" value="0" />
                  </properties>
                </test-case>
                <test-case id="1163" name="CalculateOrthographicSize_FitsReferenceArea(2.222222f,5.625f)" fullname="Acuaria.Room.Tests.RoomCameraFitterTests.CalculateOrthographicSize_FitsReferenceArea(2.222222f,5.625f)" methodname="CalculateOrthographicSize_FitsReferenceArea" classname="Acuaria.Room.Tests.RoomCameraFitterTests" runstate="Runnable" seed="377284989" result="Passed" start-time="2026-07-29 01:01:44Z" end-time="2026-07-29 01:01:44Z" duration="0.000054" asserts="0">
                  <properties>
                    <property name="retryIteration" value="0" />
                    <property name="repeatIteration" value="0" />
                  </properties>
                </test-case>
                <test-case id="1164" name="CalculateOrthographicSize_FitsReferenceArea(1.333333f,7.5f)" fullname="Acuaria.Room.Tests.RoomCameraFitterTests.CalculateOrthographicSize_FitsReferenceArea(1.333333f,7.5f)" methodname="CalculateOrthographicSize_FitsReferenceArea" classname="Acuaria.Room.Tests.RoomCameraFitterTests" runstate="Runnable" seed="87447407" result="Passed" start-time="2026-07-29 01:01:44Z" end-time="2026-07-29 01:01:44Z" duration="0.000098" asserts="0">
                  <properties>
                    <property name="retryIteration" value="0" />
                    <property name="repeatIteration" value="0" />
                  </properties>
                </test-case>
              </test-suite>
              <test-case id="1166" name="CalculateOrthographicSize_InvalidInput_ReturnsSafePositiveValue" fullname="Acuaria.Room.Tests.RoomCameraFitterTests.CalculateOrthographicSize_InvalidInput_ReturnsSafePositiveValue" methodname="CalculateOrthographicSize_InvalidInput_ReturnsSafePositiveValue" classname="Acuaria.Room.Tests.RoomCameraFitterTests" runstate="Runnable" seed="788251706" result="Passed" start-time="2026-07-29 01:01:44Z" end-time="2026-07-29 01:01:44Z" duration="0.000170" asserts="0">
                <properties>
                  <property name="retryIteration" value="0" />
                  <property name="repeatIteration" value="0" />
                </properties>
              </test-case>
            </test-suite>
            <test-suite type="TestFixture" id="1167" name="RoomViewStateMachineTests" fullname="Acuaria.Room.Tests.RoomViewStateMachineTests" classname="Acuaria.Room.Tests.RoomViewStateMachineTests" runstate="Runnable" testcasecount="6" result="Passed" start-time="2026-07-29 01:01:44Z" end-time="2026-07-29 01:01:44Z" duration="0.006436" total="6" passed="6" failed="0" inconclusive="0" skipped="0" asserts="0">
              <properties />
              <test-case id="1170" name="FocusTarget_UsesConfiguredPointAndPositiveSize" fullname="Acuaria.Room.Tests.RoomViewStateMachineTests.FocusTarget_UsesConfiguredPointAndPositiveSize" methodname="FocusTarget_UsesConfiguredPointAndPositiveSize" classname="Acuaria.Room.Tests.RoomViewStateMachineTests" runstate="Runnable" seed="1421962641" result="Passed" start-time="2026-07-29 01:01:44Z" end-time="2026-07-29 01:01:44Z" duration="0.001837" asserts="0">
                <properties>
                  <property name="retryIteration" value="0" />
                  <property name="repeatIteration" value="0" />
                </properties>
              </test-case>
              <test-suite type="ParameterizedMethod" id="1174" name="Interactable_OnlyAllowsAvailableTargetsWithValidIds" fullname="Acuaria.Room.Tests.RoomViewStateMachineTests.Interactable_OnlyAllowsAvailableTargetsWithValidIds" classname="Acuaria.Room.Tests.RoomViewStateMachineTests" runstate="Runnable" testcasecount="3" result="Passed" start-time="2026-07-29 01:01:44Z" end-time="2026-07-29 01:01:44Z" duration="0.002405" total="3" passed="3" failed="0" inconclusive="0" skipped="0" asserts="0">
                <properties />
                <test-case id="1171" name="Interactable_OnlyAllowsAvailableTargetsWithValidIds(True,&quot;slot-test&quot;,True)" fullname="Acuaria.Room.Tests.RoomViewStateMachineTests.Interactable_OnlyAllowsAvailableTargetsWithValidIds(True,&quot;slot-test&quot;,True)" methodname="Interactable_OnlyAllowsAvailableTargetsWithValidIds" classname="Acuaria.Room.Tests.RoomViewStateMachineTests" runstate="Runnable" seed="1737828392" result="Passed" start-time="2026-07-29 01:01:44Z" end-time="2026-07-29 01:01:44Z" duration="0.000909" asserts="0">
                  <properties>
                    <property name="retryIteration" value="0" />
                    <property name="repeatIteration" value="0" />
                  </properties>
                </test-case>
                <test-case id="1172" name="Interactable_OnlyAllowsAvailableTargetsWithValidIds(False,&quot;slot-test&quot;,False)" fullname="Acuaria.Room.Tests.RoomViewStateMachineTests.Interactable_OnlyAllowsAvailableTargetsWithValidIds(False,&quot;slot-test&quot;,False)" methodname="Interactable_OnlyAllowsAvailableTargetsWithValidIds" classname="Acuaria.Room.Tests.RoomViewStateMachineTests" runstate="Runnable" seed="84299346" result="Passed" start-time="2026-07-29 01:01:44Z" end-time="2026-07-29 01:01:44Z" duration="0.000319" asserts="0">
                  <properties>
                    <property name="retryIteration" value="0" />
                    <property name="repeatIteration" value="0" />
                  </properties>
                </test-case>
                <test-case id="1173" name="Interactable_OnlyAllowsAvailableTargetsWithValidIds(True,&quot;&quot;,False)" fullname="Acuaria.Room.Tests.RoomViewStateMachineTests.Interactable_OnlyAllowsAvailableTargetsWithValidIds(True,&quot;&quot;,False)" methodname="Interactable_OnlyAllowsAvailableTargetsWithValidIds" classname="Acuaria.Room.Tests.RoomViewStateMachineTests" runstate="Runnable" seed="61039059" result="Passed" start-time="2026-07-29 01:01:44Z" end-time="2026-07-29 01:01:44Z" duration="0.000216" asserts="0">
                  <properties>
                    <property name="retryIteration" value="0" />
                    <property name="repeatIteration" value="0" />
                  </properties>
                </test-case>
              </test-suite>
              <test-case id="1169" name="InvalidAndDuplicateTransitions_AreRejected" fullname="Acuaria.Room.Tests.RoomViewStateMachineTests.InvalidAndDuplicateTransitions_AreRejected" methodname="InvalidAndDuplicateTransitions_AreRejected" classname="Acuaria.Room.Tests.RoomViewStateMachineTests" runstate="Runnable" seed="1593100567" result="Passed" start-time="2026-07-29 01:01:44Z" end-time="2026-07-29 01:01:44Z" duration="0.000458" asserts="0">
                <properties>
                  <property name="retryIteration" value="0" />
                  <property name="repeatIteration" value="0" />
                </properties>
              </test-case>
              <test-case id="1168" name="ValidFlow_ReturnsToOverview" fullname="Acuaria.Room.Tests.RoomViewStateMachineTests.ValidFlow_ReturnsToOverview" methodname="ValidFlow_ReturnsToOverview" classname="Acuaria.Room.Tests.RoomViewStateMachineTests" runstate="Runnable" seed="1622589339" result="Passed" start-time="2026-07-29 01:01:44Z" end-time="2026-07-29 01:01:44Z" duration="0.000553" asserts="0">
                <properties>
                  <property name="retryIteration" value="0" />
                  <property name="repeatIteration" value="0" />
                </properties>
              </test-case>
            </test-suite>
          </test-suite>
        </test-suite>
        <test-suite type="TestSuite" id="1197" name="Tests" fullname="Acuaria.Tests" runstate="Runnable" testcasecount="13" result="Passed" start-time="2026-07-29 01:01:44Z" end-time="2026-07-29 01:01:44Z" duration="0.011767" total="13" passed="13" failed="0" inconclusive="0" skipped="0" asserts="0">
          <properties />
          <test-suite type="TestFixture" id="1175" name="AquariumSlotModelTests" fullname="Acuaria.Tests.AquariumSlotModelTests" classname="Acuaria.Tests.AquariumSlotModelTests" runstate="Runnable" testcasecount="1" result="Passed" start-time="2026-07-29 01:01:44Z" end-time="2026-07-29 01:01:44Z" duration="0.001574" total="1" passed="1" failed="0" inconclusive="0" skipped="0" asserts="0">
            <properties />
            <test-case id="1176" name="Slot_AssignsAndClearsAquarium" fullname="Acuaria.Tests.AquariumSlotModelTests.Slot_AssignsAndClearsAquarium" methodname="Slot_AssignsAndClearsAquarium" classname="Acuaria.Tests.AquariumSlotModelTests" runstate="Runnable" seed="1117255261" result="Passed" start-time="2026-07-29 01:01:44Z" end-time="2026-07-29 01:01:44Z" duration="0.001056" asserts="0">
              <properties>
                <property name="retryIteration" value="0" />
                <property name="repeatIteration" value="0" />
              </properties>
            </test-case>
          </test-suite>
          <test-suite type="TestSuite" id="1198" name="Room" fullname="Acuaria.Tests.Room" runstate="Runnable" testcasecount="12" result="Passed" start-time="2026-07-29 01:01:44Z" end-time="2026-07-29 01:01:44Z" duration="0.009021" total="12" passed="12" failed="0" inconclusive="0" skipped="0" asserts="0">
            <properties />
            <test-suite type="TestFixture" id="1177" name="AquariumCarouselLayoutTests" fullname="Acuaria.Tests.Room.AquariumCarouselLayoutTests" classname="Acuaria.Tests.Room.AquariumCarouselLayoutTests" runstate="Runnable" testcasecount="8" result="Passed" start-time="2026-07-29 01:01:44Z" end-time="2026-07-29 01:01:44Z" duration="0.005692" total="8" passed="8" failed="0" inconclusive="0" skipped="0" asserts="0">
              <properties />
              <test-case id="1187" name="CarouselDefinition_ValidatesAndScalesDuration" fullname="Acuaria.Tests.Room.AquariumCarouselLayoutTests.CarouselDefinition_ValidatesAndScalesDuration" methodname="CarouselDefinition_ValidatesAndScalesDuration" classname="Acuaria.Tests.Room.AquariumCarouselLayoutTests" runstate="Runnable" seed="1896085639" result="Passed" start-time="2026-07-29 01:01:44Z" end-time="2026-07-29 01:01:44Z" duration="0.000944" asserts="0">
                <properties>
                  <property name="retryIteration" value="0" />
                  <property name="repeatIteration" value="0" />
                </properties>
              </test-case>
              <test-suite type="ParameterizedMethod" id="1182" name="Layout_IsDeterministicAndUsesPositiveSpacing" fullname="Acuaria.Tests.Room.AquariumCarouselLayoutTests.Layout_IsDeterministicAndUsesPositiveSpacing" classname="Acuaria.Tests.Room.AquariumCarouselLayoutTests" runstate="Runnable" testcasecount="4" result="Passed" start-time="2026-07-29 01:01:44Z" end-time="2026-07-29 01:01:44Z" duration="0.002161" total="4" passed="4" failed="0" inconclusive="0" skipped="0" asserts="0">
                <properties />
                <test-case id="1178" name="Layout_IsDeterministicAndUsesPositiveSpacing(1)" fullname="Acuaria.Tests.Room.AquariumCarouselLayoutTests.Layout_IsDeterministicAndUsesPositiveSpacing(1)" methodname="Layout_IsDeterministicAndUsesPositiveSpacing" classname="Acuaria.Tests.Room.AquariumCarouselLayoutTests" runstate="Runnable" seed="2104241201" result="Passed" start-time="2026-07-29 01:01:44Z" end-time="2026-07-29 01:01:44Z" duration="0.001110" asserts="0">
                  <properties>
                    <property name="retryIteration" value="0" />
                    <property name="repeatIteration" value="0" />
                  </properties>
                </test-case>
                <test-case id="1179" name="Layout_IsDeterministicAndUsesPositiveSpacing(2)" fullname="Acuaria.Tests.Room.AquariumCarouselLayoutTests.Layout_IsDeterministicAndUsesPositiveSpacing(2)" methodname="Layout_IsDeterministicAndUsesPositiveSpacing" classname="Acuaria.Tests.Room.AquariumCarouselLayoutTests" runstate="Runnable" seed="1546762123" result="Passed" start-time="2026-07-29 01:01:44Z" end-time="2026-07-29 01:01:44Z" duration="0.000119" asserts="0">
                  <properties>
                    <property name="retryIteration" value="0" />
                    <property name="repeatIteration" value="0" />
                  </properties>
                </test-case>
                <test-case id="1180" name="Layout_IsDeterministicAndUsesPositiveSpacing(3)" fullname="Acuaria.Tests.Room.AquariumCarouselLayoutTests.Layout_IsDeterministicAndUsesPositiveSpacing(3)" methodname="Layout_IsDeterministicAndUsesPositiveSpacing" classname="Acuaria.Tests.Room.AquariumCarouselLayoutTests" runstate="Runnable" seed="592645381" result="Passed" start-time="2026-07-29 01:01:44Z" end-time="2026-07-29 01:01:44Z" duration="0.000084" asserts="0">
                  <properties>
                    <property name="retryIteration" value="0" />
                    <property name="repeatIteration" value="0" />
                  </properties>
                </test-case>
                <test-case id="1181" name="Layout_IsDeterministicAndUsesPositiveSpacing(6)" fullname="Acuaria.Tests.Room.AquariumCarouselLayoutTests.Layout_IsDeterministicAndUsesPositiveSpacing(6)" methodname="Layout_IsDeterministicAndUsesPositiveSpacing" classname="Acuaria.Tests.Room.AquariumCarouselLayoutTests" runstate="Runnable" seed="267455404" result="Passed" start-time="2026-07-29 01:01:44Z" end-time="2026-07-29 01:01:44Z" duration="0.000129" asserts="0">
                  <properties>
                    <property name="retryIteration" value="0" />
                    <property name="repeatIteration" value="0" />
                  </properties>
                </test-case>
              </test-suite>
              <test-case id="1183" name="Neighbours_RespectBoundaries" fullname="Acuaria.Tests.Room.AquariumCarouselLayoutTests.Neighbours_RespectBoundaries" methodname="Neighbours_RespectBoundaries" classname="Acuaria.Tests.Room.AquariumCarouselLayoutTests" runstate="Runnable" seed="587863559" result="Passed" start-time="2026-07-29 01:01:44Z" end-time="2026-07-29 01:01:44Z" duration="0.000331" asserts="0">
                <properties>
                  <property name="retryIteration" value="0" />
                  <property name="repeatIteration" value="0" />
                </properties>
              </test-case>
              <test-suite type="ParameterizedMethod" id="1186" name="PreviewCalculation_IsFiniteForSupportedAspects" fullname="Acuaria.Tests.Room.AquariumCarouselLayoutTests.PreviewCalculation_IsFiniteForSupportedAspects" classname="Acuaria.Tests.Room.AquariumCarouselLayoutTests" runstate="Runnable" testcasecount="2" result="Passed" start-time="2026-07-29 01:01:44Z" end-time="2026-07-29 01:01:44Z" duration="0.001339" total="2" passed="2" failed="0" inconclusive="0" skipped="0" asserts="0">
                <properties />
                <test-case id="1184" name="PreviewCalculation_IsFiniteForSupportedAspects(5.625f,1.777778f)" fullname="Acuaria.Tests.Room.AquariumCarouselLayoutTests.PreviewCalculation_IsFiniteForSupportedAspects(5.625f,1.777778f)" methodname="PreviewCalculation_IsFiniteForSupportedAspects" classname="Acuaria.Tests.Room.AquariumCarouselLayoutTests" runstate="Runnable" seed="264148137" result="Passed" start-time="2026-07-29 01:01:44Z" end-time="2026-07-29 01:01:44Z" duration="0.000526" asserts="0">
                  <properties>
                    <property name="retryIteration" value="0" />
                    <property name="repeatIteration" value="0" />
                  </properties>
                </test-case>
                <test-case id="1185" name="PreviewCalculation_IsFiniteForSupportedAspects(5.625f,1.333333f)" fullname="Acuaria.Tests.Room.AquariumCarouselLayoutTests.PreviewCalculation_IsFiniteForSupportedAspects(5.625f,1.333333f)" methodname="PreviewCalculation_IsFiniteForSupportedAspects" classname="Acuaria.Tests.Room.AquariumCarouselLayoutTests" runstate="Runnable" seed="1934446673" result="Passed" start-time="2026-07-29 01:01:44Z" end-time="2026-07-29 01:01:44Z" duration="0.000099" asserts="0">
                  <properties>
                    <property name="retryIteration" value="0" />
                    <property name="repeatIteration" value="0" />
                  </properties>
                </test-case>
              </test-suite>
            </test-suite>
            <test-suite type="TestFixture" id="1188" name="AquariumSwipeGestureTests" fullname="Acuaria.Tests.Room.AquariumSwipeGestureTests" classname="Acuaria.Tests.Room.AquariumSwipeGestureTests" runstate="Runnable" testcasecount="4" result="Passed" start-time="2026-07-29 01:01:44Z" end-time="2026-07-29 01:01:44Z" duration="0.002729" total="4" passed="4" failed="0" inconclusive="0" skipped="0" asserts="0">
              <properties />
              <test-case id="1189" name="LeftSwipe_SelectsNext" fullname="Acuaria.Tests.Room.AquariumSwipeGestureTests.LeftSwipe_SelectsNext" methodname="LeftSwipe_SelectsNext" classname="Acuaria.Tests.Room.AquariumSwipeGestureTests" runstate="Runnable" seed="231540886" result="Passed" start-time="2026-07-29 01:01:44Z" end-time="2026-07-29 01:01:44Z" duration="0.000696" asserts="0">
                <properties>
                  <property name="retryIteration" value="0" />
                  <property name="repeatIteration" value="0" />
                </properties>
              </test-case>
              <test-case id="1190" name="RightSwipe_SelectsPrevious" fullname="Acuaria.Tests.Room.AquariumSwipeGestureTests.RightSwipe_SelectsPrevious" methodname="RightSwipe_SelectsPrevious" classname="Acuaria.Tests.Room.AquariumSwipeGestureTests" runstate="Runnable" seed="355900044" result="Passed" start-time="2026-07-29 01:01:44Z" end-time="2026-07-29 01:01:44Z" duration="0.000255" asserts="0">
                <properties>
                  <property name="retryIteration" value="0" />
                  <property name="repeatIteration" value="0" />
                </properties>
              </test-case>
              <test-case id="1191" name="ShortOrVerticalGesture_DoesNothing" fullname="Acuaria.Tests.Room.AquariumSwipeGestureTests.ShortOrVerticalGesture_DoesNothing" methodname="ShortOrVerticalGesture_DoesNothing" classname="Acuaria.Tests.Room.AquariumSwipeGestureTests" runstate="Runnable" seed="256967085" result="Passed" start-time="2026-07-29 01:01:44Z" end-time="2026-07-29 01:01:44Z" duration="0.000291" asserts="0">
                <properties>
                  <property name="retryIteration" value="0" />
                  <property name="repeatIteration" value="0" />
                </properties>
              </test-case>
              <test-case id="1192" name="SlowGesture_DoesNothing" fullname="Acuaria.Tests.Room.AquariumSwipeGestureTests.SlowGesture_DoesNothing" methodname="SlowGesture_DoesNothing" classname="Acuaria.Tests.Room.AquariumSwipeGestureTests" runstate="Runnable" seed="1875841476" result="Passed" start-time="2026-07-29 01:01:44Z" end-time="2026-07-29 01:01:44Z" duration="0.000197" asserts="0">
                <properties>
                  <property name="retryIteration" value="0" />
                  <property name="repeatIteration" value="0" />
                </properties>
                <output><![CDATA[Saving results to: C:/Users/ricar/AppData/LocalLow/DefaultCompany/Acuaria\TestResults.xml
]]></output>
              </test-case>
            </test-suite>
          </test-suite>
        </test-suite>
      </test-suite>
    </test-suite>
  </test-suite>
</test-run>